2014-10-12 05:28:26 Error: [PDOException] SQLSTATE[23000]: Integrity constraint violation: 1062 Duplicate entry '' for key 'url'
Request URL: /admin/posts/add/weekly_tour
Stack Trace:
#0 D:\xampp\htdocs\thuexedn\Lib\Cake\Model\Datasource\DboSource.php(458): PDOStatement->execute(Array)
#1 D:\xampp\htdocs\thuexedn\Lib\Cake\Model\Datasource\DboSource.php(424): DboSource->_execute('INSERT INTO `th...', Array)
#2 D:\xampp\htdocs\thuexedn\Lib\Cake\Model\Datasource\DboSource.php(1012): DboSource->execute('INSERT INTO `th...')
#3 D:\xampp\htdocs\thuexedn\Lib\Cake\Model\Model.php(1854): DboSource->create(Object(Post), Array, Array)
#4 D:\xampp\htdocs\thuexedn\Controller\PostsController.php(167): Model->save(Array, false)
#5 [internal function]: PostsController->admin_add('weekly_tour')
#6 D:\xampp\htdocs\thuexedn\Lib\Cake\Controller\Controller.php(490): ReflectionMethod->invokeArgs(Object(PostsController), Array)
#7 D:\xampp\htdocs\thuexedn\Lib\Cake\Routing\Dispatcher.php(191): Controller->invokeAction(Object(CakeRequest))
#8 D:\xampp\htdocs\thuexedn\Lib\Cake\Routing\Dispatcher.php(165): Dispatcher->_invoke(Object(PostsController), Object(CakeRequest))
#9 D:\xampp\htdocs\thuexedn\webroot\index.php(99): Dispatcher->dispatch(Object(CakeRequest), Object(CakeResponse))
#10 {main}
2014-10-12 05:32:00 Error: [PDOException] SQLSTATE[23000]: Integrity constraint violation: 1062 Duplicate entry '' for key 'url'
Request URL: /admin/posts/add/weekly_tour
Stack Trace:
#0 D:\xampp\htdocs\thuexedn\Lib\Cake\Model\Datasource\DboSource.php(458): PDOStatement->execute(Array)
#1 D:\xampp\htdocs\thuexedn\Lib\Cake\Model\Datasource\DboSource.php(424): DboSource->_execute('INSERT INTO `th...', Array)
#2 D:\xampp\htdocs\thuexedn\Lib\Cake\Model\Datasource\DboSource.php(1012): DboSource->execute('INSERT INTO `th...')
#3 D:\xampp\htdocs\thuexedn\Lib\Cake\Model\Model.php(1854): DboSource->create(Object(Post), Array, Array)
#4 D:\xampp\htdocs\thuexedn\Controller\PostsController.php(166): Model->save(Array, false)
#5 [internal function]: PostsController->admin_add('weekly_tour')
#6 D:\xampp\htdocs\thuexedn\Lib\Cake\Controller\Controller.php(490): ReflectionMethod->invokeArgs(Object(PostsController), Array)
#7 D:\xampp\htdocs\thuexedn\Lib\Cake\Routing\Dispatcher.php(191): Controller->invokeAction(Object(CakeRequest))
#8 D:\xampp\htdocs\thuexedn\Lib\Cake\Routing\Dispatcher.php(165): Dispatcher->_invoke(Object(PostsController), Object(CakeRequest))
#9 D:\xampp\htdocs\thuexedn\webroot\index.php(99): Dispatcher->dispatch(Object(CakeRequest), Object(CakeResponse))
#10 {main}
2014-10-12 05:37:58 Error: [PDOException] SQLSTATE[42000]: Syntax error or access violation: 1064 You have an error in your SQL syntax; check the manual that corresponds to your MySQL server version for the right syntax to use near 'checkDraftPost' at line 1
Request URL: /admin/posts/add/weekly_tour
Stack Trace:
#0 D:\xampp\htdocs\thuexedn\Lib\Cake\Model\Datasource\DboSource.php(458): PDOStatement->execute(Array)
#1 D:\xampp\htdocs\thuexedn\Lib\Cake\Model\Datasource\DboSource.php(424): DboSource->_execute('checkDraftPost', Array)
#2 D:\xampp\htdocs\thuexedn\Lib\Cake\Model\Datasource\DboSource.php(666): DboSource->execute('checkDraftPost', Array, Array)
#3 D:\xampp\htdocs\thuexedn\Lib\Cake\Model\Datasource\DboSource.php(609): DboSource->fetchAll('checkDraftPost', Array, Array)
#4 D:\xampp\htdocs\thuexedn\Lib\Cake\Model\Model.php(808): DboSource->query('checkDraftPost', Array, Object(Post))
#5 D:\xampp\htdocs\thuexedn\Controller\PostsController.php(160): Model->__call('checkDraftPost', Array)
#6 D:\xampp\htdocs\thuexedn\Controller\PostsController.php(160): Post->checkDraftPost()
#7 [internal function]: PostsController->admin_add('weekly_tour')
#8 D:\xampp\htdocs\thuexedn\Lib\Cake\Controller\Controller.php(490): ReflectionMethod->invokeArgs(Object(PostsController), Array)
#9 D:\xampp\htdocs\thuexedn\Lib\Cake\Routing\Dispatcher.php(191): Controller->invokeAction(Object(CakeRequest))
#10 D:\xampp\htdocs\thuexedn\Lib\Cake\Routing\Dispatcher.php(165): Dispatcher->_invoke(Object(PostsController), Object(CakeRequest))
#11 D:\xampp\htdocs\thuexedn\webroot\index.php(99): Dispatcher->dispatch(Object(CakeRequest), Object(CakeResponse))
#12 {main}
2014-10-12 05:41:07 Error: [PDOException] SQLSTATE[23000]: Integrity constraint violation: 1052 Column 'status' in where clause is ambiguous
Request URL: /admin/posts/add/weekly_tour
Stack Trace:
#0 D:\xampp\htdocs\thuexedn\Lib\Cake\Model\Datasource\DboSource.php(458): PDOStatement->execute(Array)
#1 D:\xampp\htdocs\thuexedn\Lib\Cake\Model\Datasource\DboSource.php(424): DboSource->_execute('SELECT `Post`.`...', Array)
#2 D:\xampp\htdocs\thuexedn\Lib\Cake\Model\Datasource\DboSource.php(666): DboSource->execute('SELECT `Post`.`...', Array, Array)
#3 D:\xampp\htdocs\thuexedn\Lib\Cake\Model\Datasource\DboSource.php(1106): DboSource->fetchAll('SELECT `Post`.`...', false)
#4 D:\xampp\htdocs\thuexedn\Lib\Cake\Model\Model.php(2947): DboSource->read(Object(Post), Array)
#5 D:\xampp\htdocs\thuexedn\Lib\Cake\Model\Model.php(2919): Model->_readDataSource('first', Array)
#6 D:\xampp\htdocs\thuexedn\Model\Post.php(239): Model->find('first', Array)
#7 D:\xampp\htdocs\thuexedn\Controller\PostsController.php(160): Post->checkDraftPost()
#8 [internal function]: PostsController->admin_add('weekly_tour')
#9 D:\xampp\htdocs\thuexedn\Lib\Cake\Controller\Controller.php(490): ReflectionMethod->invokeArgs(Object(PostsController), Array)
#10 D:\xampp\htdocs\thuexedn\Lib\Cake\Routing\Dispatcher.php(191): Controller->invokeAction(Object(CakeRequest))
#11 D:\xampp\htdocs\thuexedn\Lib\Cake\Routing\Dispatcher.php(165): Dispatcher->_invoke(Object(PostsController), Object(CakeRequest))
#12 D:\xampp\htdocs\thuexedn\webroot\index.php(99): Dispatcher->dispatch(Object(CakeRequest), Object(CakeResponse))
#13 {main}
2014-10-12 10:46:54 Error: Fatal Error (4): syntax error, unexpected ')' in [D:\xampp\htdocs\thuexedn\Controller\PostsController.php, line 219]
2014-10-12 10:46:55 Error: [FatalErrorException] syntax error, unexpected ')'
Request URL: /admin/posts/edit/6/weekly_tour
Stack Trace:
#0 D:\xampp\htdocs\thuexedn\Lib\Cake\Error\ErrorHandler.php(203): ErrorHandler::handleFatalError(4, 'syntax error, u...', 'D:\xampp\htdocs...', 219)
#1 [internal function]: ErrorHandler::handleError(4, 'syntax error, u...', 'D:\xampp\htdocs...', 219, Array)
#2 D:\xampp\htdocs\thuexedn\Lib\Cake\Core\App.php(931): call_user_func('ErrorHandler::h...', 4, 'syntax error, u...', 'D:\xampp\htdocs...', 219, Array)
#3 D:\xampp\htdocs\thuexedn\Lib\Cake\Core\App.php(904): App::_checkFatalError()
#4 [internal function]: App::shutdown()
#5 {main}
2014-10-12 12:08:34 Error: [MissingControllerException] Controller class UploadsController could not be found.
Exception Attributes: array (
  'class' => 'UploadsController',
  'plugin' => NULL,
)
Request URL: /uploads/FORD-TRANSIT.jpg
Stack Trace:
#0 D:\xampp\htdocs\thuexedn\webroot\index.php(99): Dispatcher->dispatch(Object(CakeRequest), Object(CakeResponse))
#1 {main}
2014-10-12 12:08:59 Error: [MissingControllerException] Controller class UploadsController could not be found.
Exception Attributes: array (
  'class' => 'UploadsController',
  'plugin' => NULL,
)
Request URL: /uploads/HUYNDAI-AERO-TOWN-2012.jpg
Stack Trace:
#0 D:\xampp\htdocs\thuexedn\webroot\index.php(99): Dispatcher->dispatch(Object(CakeRequest), Object(CakeResponse))
#1 {main}
2014-10-12 12:16:57 Error: [MissingViewException] View file "D:\xampp\htdocs\thuexedn\View\Themed\Admin\Posts\;.ctp" is missing.
Exception Attributes: array (
  'file' => 'D:\\xampp\\htdocs\\thuexedn\\View\\Themed\\Admin\\Posts\\;.ctp',
)
Request URL: /admin/posts/edit/20/;/uploads/cars/UNIVERSE-SPACE-LUXURY-2008.jpg
Stack Trace:
#0 D:\xampp\htdocs\thuexedn\Lib\Cake\View\View.php(468): View->_getViewFileName(NULL)
#1 D:\xampp\htdocs\thuexedn\Lib\Cake\Controller\Controller.php(954): View->render(NULL, NULL)
#2 D:\xampp\htdocs\thuexedn\Lib\Cake\Routing\Dispatcher.php(198): Controller->render()
#3 D:\xampp\htdocs\thuexedn\Lib\Cake\Routing\Dispatcher.php(165): Dispatcher->_invoke(Object(PostsController), Object(CakeRequest))
#4 D:\xampp\htdocs\thuexedn\webroot\index.php(99): Dispatcher->dispatch(Object(CakeRequest), Object(CakeResponse))
#5 {main}
2014-10-12 12:26:02 Error: [MissingViewException] View file "D:\xampp\htdocs\thuexedn\View\Themed\Admin\Posts\sounds.ctp" is missing.
Exception Attributes: array (
  'file' => 'D:\\xampp\\htdocs\\thuexedn\\View\\Themed\\Admin\\Posts\\sounds.ctp',
)
Request URL: /admin/posts/edit/25/sounds/rm.wav
Stack Trace:
#0 D:\xampp\htdocs\thuexedn\Lib\Cake\View\View.php(468): View->_getViewFileName(NULL)
#1 D:\xampp\htdocs\thuexedn\Lib\Cake\Controller\Controller.php(954): View->render(NULL, NULL)
#2 D:\xampp\htdocs\thuexedn\Lib\Cake\Routing\Dispatcher.php(198): Controller->render()
#3 D:\xampp\htdocs\thuexedn\Lib\Cake\Routing\Dispatcher.php(165): Dispatcher->_invoke(Object(PostsController), Object(CakeRequest))
#4 D:\xampp\htdocs\thuexedn\webroot\index.php(99): Dispatcher->dispatch(Object(CakeRequest), Object(CakeResponse))
#5 {main}
2014-10-12 12:46:17 Error: [MissingControllerException] Controller class EvolveController could not be found.
Exception Attributes: array (
  'class' => 'EvolveController',
  'plugin' => NULL,
)
Request URL: /evolve/evolve_video/wp-content/themes/evolve/images/patterns/none.png
Stack Trace:
#0 D:\xampp\htdocs\thuexedn\webroot\index.php(99): Dispatcher->dispatch(Object(CakeRequest), Object(CakeResponse))
#1 {main}
2014-10-12 15:21:46 Error: [MissingControllerException] Controller class PostController could not be found.
Exception Attributes: array (
  'class' => 'PostController',
  'plugin' => NULL,
)
Request URL: /
Stack Trace:
#0 D:\xampp\htdocs\thuexedn\webroot\index.php(99): Dispatcher->dispatch(Object(CakeRequest), Object(CakeResponse))
#1 {main}
2014-10-12 15:24:52 Error: [MissingActionException] Action UsersController::login() could not be found.
Exception Attributes: array (
  'controller' => 'UsersController',
  'action' => 'login',
)
Request URL: /users/login
Stack Trace:
#0 D:\xampp\htdocs\thuexedn\Lib\Cake\Routing\Dispatcher.php(191): Controller->invokeAction(Object(CakeRequest))
#1 D:\xampp\htdocs\thuexedn\Lib\Cake\Routing\Dispatcher.php(165): Dispatcher->_invoke(Object(UsersController), Object(CakeRequest))
#2 D:\xampp\htdocs\thuexedn\webroot\index.php(99): Dispatcher->dispatch(Object(CakeRequest), Object(CakeResponse))
#3 {main}
2014-10-12 15:36:12 Error: [MissingControllerException] Controller class CssController could not be found.
Exception Attributes: array (
  'class' => 'CssController',
  'plugin' => NULL,
)
Request URL: /css/style-popup.css?11%3A422=
Stack Trace:
#0 D:\xampp\htdocs\thuexedn\webroot\index.php(99): Dispatcher->dispatch(Object(CakeRequest), Object(CakeResponse))
#1 {main}
2014-10-12 15:36:12 Error: [MissingControllerException] Controller class CssController could not be found.
Exception Attributes: array (
  'class' => 'CssController',
  'plugin' => NULL,
)
Request URL: /css/jquery-ui.css?11%3A422=
Stack Trace:
#0 D:\xampp\htdocs\thuexedn\webroot\index.php(99): Dispatcher->dispatch(Object(CakeRequest), Object(CakeResponse))
#1 {main}
2014-10-12 15:36:13 Error: [MissingControllerException] Controller class JsController could not be found.
Exception Attributes: array (
  'class' => 'JsController',
  'plugin' => NULL,
)
Request URL: /js/script-popup.js?11%3A422=
Stack Trace:
#0 D:\xampp\htdocs\thuexedn\webroot\index.php(99): Dispatcher->dispatch(Object(CakeRequest), Object(CakeResponse))
#1 {main}
2014-10-12 15:36:13 Error: [MissingControllerException] Controller class CssController could not be found.
Exception Attributes: array (
  'class' => 'CssController',
  'plugin' => NULL,
)
Request URL: /css/style.css?11%3A422=
Stack Trace:
#0 D:\xampp\htdocs\thuexedn\webroot\index.php(99): Dispatcher->dispatch(Object(CakeRequest), Object(CakeResponse))
#1 {main}
2014-10-12 15:36:13 Error: [MissingControllerException] Controller class ImagesController could not be found.
Exception Attributes: array (
  'class' => 'ImagesController',
  'plugin' => NULL,
)
Request URL: /images/2014/logo-saigontourist-tdong.gif
Stack Trace:
#0 D:\xampp\htdocs\thuexedn\webroot\index.php(99): Dispatcher->dispatch(Object(CakeRequest), Object(CakeResponse))
#1 {main}
2014-10-12 15:36:13 Error: [MissingControllerException] Controller class ImagesController could not be found.
Exception Attributes: array (
  'class' => 'ImagesController',
  'plugin' => NULL,
)
Request URL: /images/2014/bg-top.gif
Stack Trace:
#0 D:\xampp\htdocs\thuexedn\webroot\index.php(99): Dispatcher->dispatch(Object(CakeRequest), Object(CakeResponse))
#1 {main}
2014-10-12 15:36:13 Error: [MissingControllerException] Controller class ImagesController could not be found.
Exception Attributes: array (
  'class' => 'ImagesController',
  'plugin' => NULL,
)
Request URL: /images/2014/slogon-top-nd5.jpg
Stack Trace:
#0 D:\xampp\htdocs\thuexedn\webroot\index.php(99): Dispatcher->dispatch(Object(CakeRequest), Object(CakeResponse))
#1 {main}
2014-10-12 15:36:14 Error: [MissingControllerException] Controller class ImagesController could not be found.
Exception Attributes: array (
  'class' => 'ImagesController',
  'plugin' => NULL,
)
Request URL: /images/2014/bg-hotline.gif
Stack Trace:
#0 D:\xampp\htdocs\thuexedn\webroot\index.php(99): Dispatcher->dispatch(Object(CakeRequest), Object(CakeResponse))
#1 {main}
2014-10-12 15:36:14 Error: [MissingControllerException] Controller class AjaxController could not be found.
Exception Attributes: array (
  'class' => 'AjaxController',
  'plugin' => NULL,
)
Request URL: /ajax/trongnuoc_list.php
Stack Trace:
#0 D:\xampp\htdocs\thuexedn\webroot\index.php(99): Dispatcher->dispatch(Object(CakeRequest), Object(CakeResponse))
#1 {main}
2014-10-12 15:36:14 Error: [MissingControllerException] Controller class AjaxController could not be found.
Exception Attributes: array (
  'class' => 'AjaxController',
  'plugin' => NULL,
)
Request URL: /ajax/trongnuoc_diqua.php?diquatu=0&action=
Stack Trace:
#0 D:\xampp\htdocs\thuexedn\webroot\index.php(99): Dispatcher->dispatch(Object(CakeRequest), Object(CakeResponse))
#1 {main}
2014-10-12 15:36:14 Error: [MissingControllerException] Controller class ImagesController could not be found.
Exception Attributes: array (
  'class' => 'ImagesController',
  'plugin' => NULL,
)
Request URL: /images/2014/menu-lienhe-hover.gif
Stack Trace:
#0 D:\xampp\htdocs\thuexedn\webroot\index.php(99): Dispatcher->dispatch(Object(CakeRequest), Object(CakeResponse))
#1 {main}
2014-10-12 15:36:14 Error: [MissingControllerException] Controller class ImagesController could not be found.
Exception Attributes: array (
  'class' => 'ImagesController',
  'plugin' => NULL,
)
Request URL: /images/2014/menu-khuyenmai-hover.gif
Stack Trace:
#0 D:\xampp\htdocs\thuexedn\webroot\index.php(99): Dispatcher->dispatch(Object(CakeRequest), Object(CakeResponse))
#1 {main}
2014-10-12 15:36:14 Error: [MissingControllerException] Controller class ImagesController could not be found.
Exception Attributes: array (
  'class' => 'ImagesController',
  'plugin' => NULL,
)
Request URL: /images/2014/menu-tournuocngoai-hover.gif
Stack Trace:
#0 D:\xampp\htdocs\thuexedn\webroot\index.php(99): Dispatcher->dispatch(Object(CakeRequest), Object(CakeResponse))
#1 {main}
2014-10-12 15:36:14 Error: [MissingControllerException] Controller class ImagesController could not be found.
Exception Attributes: array (
  'class' => 'ImagesController',
  'plugin' => NULL,
)
Request URL: /images/2014/menu-vembay-hover.gif
Stack Trace:
#0 D:\xampp\htdocs\thuexedn\webroot\index.php(99): Dispatcher->dispatch(Object(CakeRequest), Object(CakeResponse))
#1 {main}
2014-10-12 15:36:15 Error: [MissingControllerException] Controller class ImagesController could not be found.
Exception Attributes: array (
  'class' => 'ImagesController',
  'plugin' => NULL,
)
Request URL: /images/2014/menu-tourtrongnuoc-hover.gif
Stack Trace:
#0 D:\xampp\htdocs\thuexedn\webroot\index.php(99): Dispatcher->dispatch(Object(CakeRequest), Object(CakeResponse))
#1 {main}
2014-10-12 15:36:15 Error: [MissingControllerException] Controller class ImagesController could not be found.
Exception Attributes: array (
  'class' => 'ImagesController',
  'plugin' => NULL,
)
Request URL: /images/2014/menu-tournuocngoai-hover.gif
Stack Trace:
#0 D:\xampp\htdocs\thuexedn\webroot\index.php(99): Dispatcher->dispatch(Object(CakeRequest), Object(CakeResponse))
#1 {main}
2014-10-12 15:36:15 Error: [MissingControllerException] Controller class ImagesController could not be found.
Exception Attributes: array (
  'class' => 'ImagesController',
  'plugin' => NULL,
)
Request URL: /images/2014/menu-vembay-hover.gif
Stack Trace:
#0 D:\xampp\htdocs\thuexedn\webroot\index.php(99): Dispatcher->dispatch(Object(CakeRequest), Object(CakeResponse))
#1 {main}
2014-10-12 15:36:16 Error: [MissingControllerException] Controller class ImagesController could not be found.
Exception Attributes: array (
  'class' => 'ImagesController',
  'plugin' => NULL,
)
Request URL: /images/2014/menu-tournuocngoai-hover.gif
Stack Trace:
#0 D:\xampp\htdocs\thuexedn\webroot\index.php(99): Dispatcher->dispatch(Object(CakeRequest), Object(CakeResponse))
#1 {main}
2014-10-12 15:36:16 Error: [MissingControllerException] Controller class ImagesController could not be found.
Exception Attributes: array (
  'class' => 'ImagesController',
  'plugin' => NULL,
)
Request URL: /images/2014/menu-tourtrongnuoc-hover.gif
Stack Trace:
#0 D:\xampp\htdocs\thuexedn\webroot\index.php(99): Dispatcher->dispatch(Object(CakeRequest), Object(CakeResponse))
#1 {main}
2014-10-12 15:36:17 Error: [MissingControllerException] Controller class ImagesController could not be found.
Exception Attributes: array (
  'class' => 'ImagesController',
  'plugin' => NULL,
)
Request URL: /images/2014/menu-tourtrongnuoc-hover.gif
Stack Trace:
#0 D:\xampp\htdocs\thuexedn\webroot\index.php(99): Dispatcher->dispatch(Object(CakeRequest), Object(CakeResponse))
#1 {main}
2014-10-12 15:36:17 Error: [MissingControllerException] Controller class ImagesController could not be found.
Exception Attributes: array (
  'class' => 'ImagesController',
  'plugin' => NULL,
)
Request URL: /images/2014/menu-tournuocngoai-hover.gif
Stack Trace:
#0 D:\xampp\htdocs\thuexedn\webroot\index.php(99): Dispatcher->dispatch(Object(CakeRequest), Object(CakeResponse))
#1 {main}
2014-10-12 15:36:17 Error: [MissingControllerException] Controller class ImagesController could not be found.
Exception Attributes: array (
  'class' => 'ImagesController',
  'plugin' => NULL,
)
Request URL: /images/2014/menu-vembay-hover.gif
Stack Trace:
#0 D:\xampp\htdocs\thuexedn\webroot\index.php(99): Dispatcher->dispatch(Object(CakeRequest), Object(CakeResponse))
#1 {main}
2014-10-12 15:36:17 Error: [MissingControllerException] Controller class ImagesController could not be found.
Exception Attributes: array (
  'class' => 'ImagesController',
  'plugin' => NULL,
)
Request URL: /images/2014/menu-thuexe-hover.gif
Stack Trace:
#0 D:\xampp\htdocs\thuexedn\webroot\index.php(99): Dispatcher->dispatch(Object(CakeRequest), Object(CakeResponse))
#1 {main}
2014-10-12 15:36:17 Error: [MissingControllerException] Controller class ImagesController could not be found.
Exception Attributes: array (
  'class' => 'ImagesController',
  'plugin' => NULL,
)
Request URL: /images/2014/menu-lienhe-hover.gif
Stack Trace:
#0 D:\xampp\htdocs\thuexedn\webroot\index.php(99): Dispatcher->dispatch(Object(CakeRequest), Object(CakeResponse))
#1 {main}
2014-10-12 15:36:21 Error: [MissingControllerException] Controller class ImagesController could not be found.
Exception Attributes: array (
  'class' => 'ImagesController',
  'plugin' => NULL,
)
Request URL: /images/2014/menu-tournuocngoai-hover.gif
Stack Trace:
#0 D:\xampp\htdocs\thuexedn\webroot\index.php(99): Dispatcher->dispatch(Object(CakeRequest), Object(CakeResponse))
#1 {main}
2014-10-12 15:36:21 Error: [MissingControllerException] Controller class ImagesController could not be found.
Exception Attributes: array (
  'class' => 'ImagesController',
  'plugin' => NULL,
)
Request URL: /images/2014/menu-tournuocngoai-hover.gif
Stack Trace:
#0 D:\xampp\htdocs\thuexedn\webroot\index.php(99): Dispatcher->dispatch(Object(CakeRequest), Object(CakeResponse))
#1 {main}
2014-10-12 15:38:34 Error: [MissingControllerException] Controller class ImagesController could not be found.
Exception Attributes: array (
  'class' => 'ImagesController',
  'plugin' => NULL,
)
Request URL: /images/2014/menu-thuexe-hover.gif
Stack Trace:
#0 D:\xampp\htdocs\thuexedn\webroot\index.php(99): Dispatcher->dispatch(Object(CakeRequest), Object(CakeResponse))
#1 {main}
2014-10-12 15:38:34 Error: [MissingControllerException] Controller class ImagesController could not be found.
Exception Attributes: array (
  'class' => 'ImagesController',
  'plugin' => NULL,
)
Request URL: /images/2014/menu-vembay-hover.gif
Stack Trace:
#0 D:\xampp\htdocs\thuexedn\webroot\index.php(99): Dispatcher->dispatch(Object(CakeRequest), Object(CakeResponse))
#1 {main}
2014-10-12 15:38:34 Error: [MissingControllerException] Controller class ImagesController could not be found.
Exception Attributes: array (
  'class' => 'ImagesController',
  'plugin' => NULL,
)
Request URL: /images/2014/menu-tournuocngoai-hover.gif
Stack Trace:
#0 D:\xampp\htdocs\thuexedn\webroot\index.php(99): Dispatcher->dispatch(Object(CakeRequest), Object(CakeResponse))
#1 {main}
2014-10-12 15:38:36 Error: [MissingControllerException] Controller class CssController could not be found.
Exception Attributes: array (
  'class' => 'CssController',
  'plugin' => NULL,
)
Request URL: /css/jquery-ui.css
Stack Trace:
#0 D:\xampp\htdocs\thuexedn\webroot\index.php(99): Dispatcher->dispatch(Object(CakeRequest), Object(CakeResponse))
#1 {main}
2014-10-12 15:38:36 Error: [MissingControllerException] Controller class JsController could not be found.
Exception Attributes: array (
  'class' => 'JsController',
  'plugin' => NULL,
)
Request URL: /js/script-popup.js
Stack Trace:
#0 D:\xampp\htdocs\thuexedn\webroot\index.php(99): Dispatcher->dispatch(Object(CakeRequest), Object(CakeResponse))
#1 {main}
2014-10-12 15:38:36 Error: [MissingControllerException] Controller class CssController could not be found.
Exception Attributes: array (
  'class' => 'CssController',
  'plugin' => NULL,
)
Request URL: /css/style-popup.css?11%3A422=
Stack Trace:
#0 D:\xampp\htdocs\thuexedn\webroot\index.php(99): Dispatcher->dispatch(Object(CakeRequest), Object(CakeResponse))
#1 {main}
2014-10-12 15:38:36 Error: [MissingControllerException] Controller class CssController could not be found.
Exception Attributes: array (
  'class' => 'CssController',
  'plugin' => NULL,
)
Request URL: /css/style.css
Stack Trace:
#0 D:\xampp\htdocs\thuexedn\webroot\index.php(99): Dispatcher->dispatch(Object(CakeRequest), Object(CakeResponse))
#1 {main}
2014-10-12 15:38:38 Error: [MissingControllerException] Controller class ImagesController could not be found.
Exception Attributes: array (
  'class' => 'ImagesController',
  'plugin' => NULL,
)
Request URL: /images/2014/logo-saigontourist-tdong.gif
Stack Trace:
#0 D:\xampp\htdocs\thuexedn\webroot\index.php(99): Dispatcher->dispatch(Object(CakeRequest), Object(CakeResponse))
#1 {main}
2014-10-12 15:38:38 Error: [MissingControllerException] Controller class ImagesController could not be found.
Exception Attributes: array (
  'class' => 'ImagesController',
  'plugin' => NULL,
)
Request URL: /images/2014/bg-top.gif
Stack Trace:
#0 D:\xampp\htdocs\thuexedn\webroot\index.php(99): Dispatcher->dispatch(Object(CakeRequest), Object(CakeResponse))
#1 {main}
2014-10-12 15:38:38 Error: [MissingControllerException] Controller class ImagesController could not be found.
Exception Attributes: array (
  'class' => 'ImagesController',
  'plugin' => NULL,
)
Request URL: /images/2014/slogon-top-nd5.jpg
Stack Trace:
#0 D:\xampp\htdocs\thuexedn\webroot\index.php(99): Dispatcher->dispatch(Object(CakeRequest), Object(CakeResponse))
#1 {main}
2014-10-12 15:38:38 Error: [MissingControllerException] Controller class ImagesController could not be found.
Exception Attributes: array (
  'class' => 'ImagesController',
  'plugin' => NULL,
)
Request URL: /images/2014/bg-hotline.gif
Stack Trace:
#0 D:\xampp\htdocs\thuexedn\webroot\index.php(99): Dispatcher->dispatch(Object(CakeRequest), Object(CakeResponse))
#1 {main}
2014-10-12 15:40:08 Error: [MissingControllerException] Controller class CssController could not be found.
Exception Attributes: array (
  'class' => 'CssController',
  'plugin' => NULL,
)
Request URL: /css/jquery-ui.css
Stack Trace:
#0 D:\xampp\htdocs\thuexedn\webroot\index.php(99): Dispatcher->dispatch(Object(CakeRequest), Object(CakeResponse))
#1 {main}
2014-10-12 15:40:08 Error: [MissingControllerException] Controller class JsController could not be found.
Exception Attributes: array (
  'class' => 'JsController',
  'plugin' => NULL,
)
Request URL: /js/script-popup.js
Stack Trace:
#0 D:\xampp\htdocs\thuexedn\webroot\index.php(99): Dispatcher->dispatch(Object(CakeRequest), Object(CakeResponse))
#1 {main}
2014-10-12 15:40:08 Error: [MissingControllerException] Controller class CssController could not be found.
Exception Attributes: array (
  'class' => 'CssController',
  'plugin' => NULL,
)
Request URL: /css/style-popup.css?11%3A422=
Stack Trace:
#0 D:\xampp\htdocs\thuexedn\webroot\index.php(99): Dispatcher->dispatch(Object(CakeRequest), Object(CakeResponse))
#1 {main}
2014-10-12 15:40:08 Error: [MissingControllerException] Controller class CssController could not be found.
Exception Attributes: array (
  'class' => 'CssController',
  'plugin' => NULL,
)
Request URL: /css/style.css
Stack Trace:
#0 D:\xampp\htdocs\thuexedn\webroot\index.php(99): Dispatcher->dispatch(Object(CakeRequest), Object(CakeResponse))
#1 {main}
2014-10-12 15:40:09 Error: [MissingControllerException] Controller class ImagesController could not be found.
Exception Attributes: array (
  'class' => 'ImagesController',
  'plugin' => NULL,
)
Request URL: /images/2014/bg-top.gif
Stack Trace:
#0 D:\xampp\htdocs\thuexedn\webroot\index.php(99): Dispatcher->dispatch(Object(CakeRequest), Object(CakeResponse))
#1 {main}
2014-10-12 15:40:09 Error: [MissingControllerException] Controller class ImagesController could not be found.
Exception Attributes: array (
  'class' => 'ImagesController',
  'plugin' => NULL,
)
Request URL: /images/2014/logo-saigontourist-tdong.gif
Stack Trace:
#0 D:\xampp\htdocs\thuexedn\webroot\index.php(99): Dispatcher->dispatch(Object(CakeRequest), Object(CakeResponse))
#1 {main}
2014-10-12 15:40:09 Error: [MissingControllerException] Controller class ImagesController could not be found.
Exception Attributes: array (
  'class' => 'ImagesController',
  'plugin' => NULL,
)
Request URL: /images/2014/bg-hotline.gif
Stack Trace:
#0 D:\xampp\htdocs\thuexedn\webroot\index.php(99): Dispatcher->dispatch(Object(CakeRequest), Object(CakeResponse))
#1 {main}
2014-10-12 15:40:09 Error: [MissingControllerException] Controller class ImagesController could not be found.
Exception Attributes: array (
  'class' => 'ImagesController',
  'plugin' => NULL,
)
Request URL: /images/2014/slogon-top-nd5.jpg
Stack Trace:
#0 D:\xampp\htdocs\thuexedn\webroot\index.php(99): Dispatcher->dispatch(Object(CakeRequest), Object(CakeResponse))
#1 {main}
2014-10-12 15:40:43 Error: [MissingControllerException] Controller class JsController could not be found.
Exception Attributes: array (
  'class' => 'JsController',
  'plugin' => NULL,
)
Request URL: /js/script-popup.js
Stack Trace:
#0 D:\xampp\htdocs\thuexedn\webroot\index.php(99): Dispatcher->dispatch(Object(CakeRequest), Object(CakeResponse))
#1 {main}
2014-10-12 15:40:43 Error: [MissingControllerException] Controller class CssController could not be found.
Exception Attributes: array (
  'class' => 'CssController',
  'plugin' => NULL,
)
Request URL: /css/jquery-ui.css
Stack Trace:
#0 D:\xampp\htdocs\thuexedn\webroot\index.php(99): Dispatcher->dispatch(Object(CakeRequest), Object(CakeResponse))
#1 {main}
2014-10-12 15:40:43 Error: [MissingControllerException] Controller class CssController could not be found.
Exception Attributes: array (
  'class' => 'CssController',
  'plugin' => NULL,
)
Request URL: /css/style-popup.css?11%3A422=
Stack Trace:
#0 D:\xampp\htdocs\thuexedn\webroot\index.php(99): Dispatcher->dispatch(Object(CakeRequest), Object(CakeResponse))
#1 {main}
2014-10-12 15:40:43 Error: [MissingControllerException] Controller class CssController could not be found.
Exception Attributes: array (
  'class' => 'CssController',
  'plugin' => NULL,
)
Request URL: /css/style.css
Stack Trace:
#0 D:\xampp\htdocs\thuexedn\webroot\index.php(99): Dispatcher->dispatch(Object(CakeRequest), Object(CakeResponse))
#1 {main}
2014-10-12 15:40:43 Error: [MissingControllerException] Controller class ImagesController could not be found.
Exception Attributes: array (
  'class' => 'ImagesController',
  'plugin' => NULL,
)
Request URL: /images/2014/bg-top.gif
Stack Trace:
#0 D:\xampp\htdocs\thuexedn\webroot\index.php(99): Dispatcher->dispatch(Object(CakeRequest), Object(CakeResponse))
#1 {main}
2014-10-12 15:40:43 Error: [MissingControllerException] Controller class ImagesController could not be found.
Exception Attributes: array (
  'class' => 'ImagesController',
  'plugin' => NULL,
)
Request URL: /images/2014/slogon-top-nd5.jpg
Stack Trace:
#0 D:\xampp\htdocs\thuexedn\webroot\index.php(99): Dispatcher->dispatch(Object(CakeRequest), Object(CakeResponse))
#1 {main}
2014-10-12 15:40:43 Error: [MissingControllerException] Controller class ImagesController could not be found.
Exception Attributes: array (
  'class' => 'ImagesController',
  'plugin' => NULL,
)
Request URL: /images/2014/logo-saigontourist-tdong.gif
Stack Trace:
#0 D:\xampp\htdocs\thuexedn\webroot\index.php(99): Dispatcher->dispatch(Object(CakeRequest), Object(CakeResponse))
#1 {main}
2014-10-12 15:40:43 Error: [MissingControllerException] Controller class ImagesController could not be found.
Exception Attributes: array (
  'class' => 'ImagesController',
  'plugin' => NULL,
)
Request URL: /images/2014/bg-hotline.gif
Stack Trace:
#0 D:\xampp\htdocs\thuexedn\webroot\index.php(99): Dispatcher->dispatch(Object(CakeRequest), Object(CakeResponse))
#1 {main}
2014-10-12 15:40:44 Error: [MissingControllerException] Controller class ImagesController could not be found.
Exception Attributes: array (
  'class' => 'ImagesController',
  'plugin' => NULL,
)
Request URL: /images/2014/menu-tourtrongnuoc-hover.gif
Stack Trace:
#0 D:\xampp\htdocs\thuexedn\webroot\index.php(99): Dispatcher->dispatch(Object(CakeRequest), Object(CakeResponse))
#1 {main}
2014-10-12 15:40:45 Error: [MissingControllerException] Controller class ImagesController could not be found.
Exception Attributes: array (
  'class' => 'ImagesController',
  'plugin' => NULL,
)
Request URL: /images/2014/menu-tourtrongnuoc-hover.gif
Stack Trace:
#0 D:\xampp\htdocs\thuexedn\webroot\index.php(99): Dispatcher->dispatch(Object(CakeRequest), Object(CakeResponse))
#1 {main}
2014-10-12 15:40:45 Error: [MissingControllerException] Controller class ImagesController could not be found.
Exception Attributes: array (
  'class' => 'ImagesController',
  'plugin' => NULL,
)
Request URL: /images/2014/menu-tournuocngoai-hover.gif
Stack Trace:
#0 D:\xampp\htdocs\thuexedn\webroot\index.php(99): Dispatcher->dispatch(Object(CakeRequest), Object(CakeResponse))
#1 {main}
2014-10-12 15:40:46 Error: [MissingControllerException] Controller class ImagesController could not be found.
Exception Attributes: array (
  'class' => 'ImagesController',
  'plugin' => NULL,
)
Request URL: /images/2014/menu-vembay-hover.gif
Stack Trace:
#0 D:\xampp\htdocs\thuexedn\webroot\index.php(99): Dispatcher->dispatch(Object(CakeRequest), Object(CakeResponse))
#1 {main}
2014-10-12 15:40:46 Error: [MissingControllerException] Controller class ImagesController could not be found.
Exception Attributes: array (
  'class' => 'ImagesController',
  'plugin' => NULL,
)
Request URL: /images/2014/menu-thuexe-hover.gif
Stack Trace:
#0 D:\xampp\htdocs\thuexedn\webroot\index.php(99): Dispatcher->dispatch(Object(CakeRequest), Object(CakeResponse))
#1 {main}
2014-10-12 15:40:47 Error: [MissingControllerException] Controller class ImagesController could not be found.
Exception Attributes: array (
  'class' => 'ImagesController',
  'plugin' => NULL,
)
Request URL: /images/2014/menu-lienhe-hover.gif
Stack Trace:
#0 D:\xampp\htdocs\thuexedn\webroot\index.php(99): Dispatcher->dispatch(Object(CakeRequest), Object(CakeResponse))
#1 {main}
2014-10-12 15:40:53 Error: [MissingControllerException] Controller class ImagesController could not be found.
Exception Attributes: array (
  'class' => 'ImagesController',
  'plugin' => NULL,
)
Request URL: /images/2014/menu-lienhe-hover.gif
Stack Trace:
#0 D:\xampp\htdocs\thuexedn\webroot\index.php(99): Dispatcher->dispatch(Object(CakeRequest), Object(CakeResponse))
#1 {main}
2014-10-12 15:40:53 Error: [MissingControllerException] Controller class ImagesController could not be found.
Exception Attributes: array (
  'class' => 'ImagesController',
  'plugin' => NULL,
)
Request URL: /images/2014/menu-thuexe-hover.gif
Stack Trace:
#0 D:\xampp\htdocs\thuexedn\webroot\index.php(99): Dispatcher->dispatch(Object(CakeRequest), Object(CakeResponse))
#1 {main}
2014-10-12 15:40:53 Error: [MissingControllerException] Controller class ImagesController could not be found.
Exception Attributes: array (
  'class' => 'ImagesController',
  'plugin' => NULL,
)
Request URL: /images/2014/menu-vembay-hover.gif
Stack Trace:
#0 D:\xampp\htdocs\thuexedn\webroot\index.php(99): Dispatcher->dispatch(Object(CakeRequest), Object(CakeResponse))
#1 {main}
2014-10-12 15:40:53 Error: [MissingControllerException] Controller class ImagesController could not be found.
Exception Attributes: array (
  'class' => 'ImagesController',
  'plugin' => NULL,
)
Request URL: /images/2014/menu-tournuocngoai-hover.gif
Stack Trace:
#0 D:\xampp\htdocs\thuexedn\webroot\index.php(99): Dispatcher->dispatch(Object(CakeRequest), Object(CakeResponse))
#1 {main}
2014-10-12 15:40:53 Error: [MissingControllerException] Controller class ImagesController could not be found.
Exception Attributes: array (
  'class' => 'ImagesController',
  'plugin' => NULL,
)
Request URL: /images/2014/menu-tourtrongnuoc-hover.gif
Stack Trace:
#0 D:\xampp\htdocs\thuexedn\webroot\index.php(99): Dispatcher->dispatch(Object(CakeRequest), Object(CakeResponse))
#1 {main}
2014-10-12 15:41:34 Error: [MissingControllerException] Controller class ImagesController could not be found.
Exception Attributes: array (
  'class' => 'ImagesController',
  'plugin' => NULL,
)
Request URL: /images/2014/menu-tourtrongnuoc-hover.gif
Stack Trace:
#0 D:\xampp\htdocs\thuexedn\webroot\index.php(99): Dispatcher->dispatch(Object(CakeRequest), Object(CakeResponse))
#1 {main}
2014-10-12 15:41:34 Error: [MissingControllerException] Controller class ImagesController could not be found.
Exception Attributes: array (
  'class' => 'ImagesController',
  'plugin' => NULL,
)
Request URL: /images/2014/menu-tourtrongnuoc-hover.gif
Stack Trace:
#0 D:\xampp\htdocs\thuexedn\webroot\index.php(99): Dispatcher->dispatch(Object(CakeRequest), Object(CakeResponse))
#1 {main}
2014-10-12 15:41:36 Error: [MissingControllerException] Controller class CssController could not be found.
Exception Attributes: array (
  'class' => 'CssController',
  'plugin' => NULL,
)
Request URL: /css/jquery-ui.css
Stack Trace:
#0 D:\xampp\htdocs\thuexedn\webroot\index.php(99): Dispatcher->dispatch(Object(CakeRequest), Object(CakeResponse))
#1 {main}
2014-10-12 15:41:36 Error: [MissingControllerException] Controller class JsController could not be found.
Exception Attributes: array (
  'class' => 'JsController',
  'plugin' => NULL,
)
Request URL: /js/script-popup.js
Stack Trace:
#0 D:\xampp\htdocs\thuexedn\webroot\index.php(99): Dispatcher->dispatch(Object(CakeRequest), Object(CakeResponse))
#1 {main}
2014-10-12 15:41:36 Error: [MissingControllerException] Controller class CssController could not be found.
Exception Attributes: array (
  'class' => 'CssController',
  'plugin' => NULL,
)
Request URL: /css/style-popup.css?11%3A422=
Stack Trace:
#0 D:\xampp\htdocs\thuexedn\webroot\index.php(99): Dispatcher->dispatch(Object(CakeRequest), Object(CakeResponse))
#1 {main}
2014-10-12 15:41:37 Error: [MissingControllerException] Controller class CssController could not be found.
Exception Attributes: array (
  'class' => 'CssController',
  'plugin' => NULL,
)
Request URL: /css/style.css
Stack Trace:
#0 D:\xampp\htdocs\thuexedn\webroot\index.php(99): Dispatcher->dispatch(Object(CakeRequest), Object(CakeResponse))
#1 {main}
2014-10-12 15:41:37 Error: [MissingControllerException] Controller class ImagesController could not be found.
Exception Attributes: array (
  'class' => 'ImagesController',
  'plugin' => NULL,
)
Request URL: /images/2014/bg-top.gif
Stack Trace:
#0 D:\xampp\htdocs\thuexedn\webroot\index.php(99): Dispatcher->dispatch(Object(CakeRequest), Object(CakeResponse))
#1 {main}
2014-10-12 15:41:37 Error: [MissingControllerException] Controller class ImagesController could not be found.
Exception Attributes: array (
  'class' => 'ImagesController',
  'plugin' => NULL,
)
Request URL: /images/2014/logo-saigontourist-tdong.gif
Stack Trace:
#0 D:\xampp\htdocs\thuexedn\webroot\index.php(99): Dispatcher->dispatch(Object(CakeRequest), Object(CakeResponse))
#1 {main}
2014-10-12 15:41:37 Error: [MissingControllerException] Controller class ImagesController could not be found.
Exception Attributes: array (
  'class' => 'ImagesController',
  'plugin' => NULL,
)
Request URL: /images/2014/slogon-top-nd5.jpg
Stack Trace:
#0 D:\xampp\htdocs\thuexedn\webroot\index.php(99): Dispatcher->dispatch(Object(CakeRequest), Object(CakeResponse))
#1 {main}
2014-10-12 15:41:37 Error: [MissingControllerException] Controller class ImagesController could not be found.
Exception Attributes: array (
  'class' => 'ImagesController',
  'plugin' => NULL,
)
Request URL: /images/2014/bg-hotline.gif
Stack Trace:
#0 D:\xampp\htdocs\thuexedn\webroot\index.php(99): Dispatcher->dispatch(Object(CakeRequest), Object(CakeResponse))
#1 {main}
2014-10-12 15:43:10 Error: [MissingControllerException] Controller class CssController could not be found.
Exception Attributes: array (
  'class' => 'CssController',
  'plugin' => NULL,
)
Request URL: /css/style-popup.css?11%3A422=
Stack Trace:
#0 D:\xampp\htdocs\thuexedn\webroot\index.php(99): Dispatcher->dispatch(Object(CakeRequest), Object(CakeResponse))
#1 {main}
2014-10-12 15:43:10 Error: [MissingControllerException] Controller class JsController could not be found.
Exception Attributes: array (
  'class' => 'JsController',
  'plugin' => NULL,
)
Request URL: /js/script-popup.js
Stack Trace:
#0 D:\xampp\htdocs\thuexedn\webroot\index.php(99): Dispatcher->dispatch(Object(CakeRequest), Object(CakeResponse))
#1 {main}
2014-10-12 15:43:10 Error: [MissingControllerException] Controller class CssController could not be found.
Exception Attributes: array (
  'class' => 'CssController',
  'plugin' => NULL,
)
Request URL: /css/jquery-ui.css
Stack Trace:
#0 D:\xampp\htdocs\thuexedn\webroot\index.php(99): Dispatcher->dispatch(Object(CakeRequest), Object(CakeResponse))
#1 {main}
2014-10-12 15:43:10 Error: [MissingControllerException] Controller class CssController could not be found.
Exception Attributes: array (
  'class' => 'CssController',
  'plugin' => NULL,
)
Request URL: /css/style.css
Stack Trace:
#0 D:\xampp\htdocs\thuexedn\webroot\index.php(99): Dispatcher->dispatch(Object(CakeRequest), Object(CakeResponse))
#1 {main}
2014-10-12 15:43:11 Error: [MissingControllerException] Controller class ImagesController could not be found.
Exception Attributes: array (
  'class' => 'ImagesController',
  'plugin' => NULL,
)
Request URL: /images/2014/logo-saigontourist-tdong.gif
Stack Trace:
#0 D:\xampp\htdocs\thuexedn\webroot\index.php(99): Dispatcher->dispatch(Object(CakeRequest), Object(CakeResponse))
#1 {main}
2014-10-12 15:43:11 Error: [MissingControllerException] Controller class ImagesController could not be found.
Exception Attributes: array (
  'class' => 'ImagesController',
  'plugin' => NULL,
)
Request URL: /images/2014/bg-top.gif
Stack Trace:
#0 D:\xampp\htdocs\thuexedn\webroot\index.php(99): Dispatcher->dispatch(Object(CakeRequest), Object(CakeResponse))
#1 {main}
2014-10-12 15:43:11 Error: [MissingControllerException] Controller class ImagesController could not be found.
Exception Attributes: array (
  'class' => 'ImagesController',
  'plugin' => NULL,
)
Request URL: /images/2014/slogon-top-nd5.jpg
Stack Trace:
#0 D:\xampp\htdocs\thuexedn\webroot\index.php(99): Dispatcher->dispatch(Object(CakeRequest), Object(CakeResponse))
#1 {main}
2014-10-12 15:43:11 Error: [MissingControllerException] Controller class ImagesController could not be found.
Exception Attributes: array (
  'class' => 'ImagesController',
  'plugin' => NULL,
)
Request URL: /images/2014/bg-hotline.gif
Stack Trace:
#0 D:\xampp\htdocs\thuexedn\webroot\index.php(99): Dispatcher->dispatch(Object(CakeRequest), Object(CakeResponse))
#1 {main}
2014-10-12 15:43:13 Error: [MissingControllerException] Controller class ImagesController could not be found.
Exception Attributes: array (
  'class' => 'ImagesController',
  'plugin' => NULL,
)
Request URL: /images/2014/menu-tourtrongnuoc-hover.gif
Stack Trace:
#0 D:\xampp\htdocs\thuexedn\webroot\index.php(99): Dispatcher->dispatch(Object(CakeRequest), Object(CakeResponse))
#1 {main}
2014-10-12 15:43:13 Error: [MissingControllerException] Controller class ImagesController could not be found.
Exception Attributes: array (
  'class' => 'ImagesController',
  'plugin' => NULL,
)
Request URL: /images/2014/menu-tournuocngoai-hover.gif
Stack Trace:
#0 D:\xampp\htdocs\thuexedn\webroot\index.php(99): Dispatcher->dispatch(Object(CakeRequest), Object(CakeResponse))
#1 {main}
2014-10-12 15:43:13 Error: [MissingControllerException] Controller class ImagesController could not be found.
Exception Attributes: array (
  'class' => 'ImagesController',
  'plugin' => NULL,
)
Request URL: /images/2014/menu-vembay-hover.gif
Stack Trace:
#0 D:\xampp\htdocs\thuexedn\webroot\index.php(99): Dispatcher->dispatch(Object(CakeRequest), Object(CakeResponse))
#1 {main}
2014-10-12 15:43:14 Error: [MissingControllerException] Controller class ImagesController could not be found.
Exception Attributes: array (
  'class' => 'ImagesController',
  'plugin' => NULL,
)
Request URL: /images/2014/menu-thuexe-hover.gif
Stack Trace:
#0 D:\xampp\htdocs\thuexedn\webroot\index.php(99): Dispatcher->dispatch(Object(CakeRequest), Object(CakeResponse))
#1 {main}
2014-10-12 15:43:14 Error: [MissingControllerException] Controller class ImagesController could not be found.
Exception Attributes: array (
  'class' => 'ImagesController',
  'plugin' => NULL,
)
Request URL: /images/2014/menu-lienhe-hover.gif
Stack Trace:
#0 D:\xampp\htdocs\thuexedn\webroot\index.php(99): Dispatcher->dispatch(Object(CakeRequest), Object(CakeResponse))
#1 {main}
2014-10-12 15:44:18 Error: [MissingControllerException] Controller class ImagesController could not be found.
Exception Attributes: array (
  'class' => 'ImagesController',
  'plugin' => NULL,
)
Request URL: /images/2014/menu-tournuocngoai-hover.gif
Stack Trace:
#0 D:\xampp\htdocs\thuexedn\webroot\index.php(99): Dispatcher->dispatch(Object(CakeRequest), Object(CakeResponse))
#1 {main}
2014-10-12 15:44:31 Error: [MissingControllerException] Controller class ImagesController could not be found.
Exception Attributes: array (
  'class' => 'ImagesController',
  'plugin' => NULL,
)
Request URL: /images/2014/menu-tournuocngoai-hover.gif
Stack Trace:
#0 D:\xampp\htdocs\thuexedn\webroot\index.php(99): Dispatcher->dispatch(Object(CakeRequest), Object(CakeResponse))
#1 {main}
2014-10-12 15:56:17 Error: [MissingControllerException] Controller class ImagesController could not be found.
Exception Attributes: array (
  'class' => 'ImagesController',
  'plugin' => NULL,
)
Request URL: /images/2014/menu-tourtrongnuoc-hover.gif
Stack Trace:
#0 D:\xampp\htdocs\thuexedn\webroot\index.php(99): Dispatcher->dispatch(Object(CakeRequest), Object(CakeResponse))
#1 {main}
2014-10-12 15:56:19 Error: [MissingControllerException] Controller class CssController could not be found.
Exception Attributes: array (
  'class' => 'CssController',
  'plugin' => NULL,
)
Request URL: /css/jquery-ui.css
Stack Trace:
#0 D:\xampp\htdocs\thuexedn\webroot\index.php(99): Dispatcher->dispatch(Object(CakeRequest), Object(CakeResponse))
#1 {main}
2014-10-12 15:56:19 Error: [MissingControllerException] Controller class JsController could not be found.
Exception Attributes: array (
  'class' => 'JsController',
  'plugin' => NULL,
)
Request URL: /js/script-popup.js
Stack Trace:
#0 D:\xampp\htdocs\thuexedn\webroot\index.php(99): Dispatcher->dispatch(Object(CakeRequest), Object(CakeResponse))
#1 {main}
2014-10-12 15:56:19 Error: [MissingControllerException] Controller class CssController could not be found.
Exception Attributes: array (
  'class' => 'CssController',
  'plugin' => NULL,
)
Request URL: /css/style.css
Stack Trace:
#0 D:\xampp\htdocs\thuexedn\webroot\index.php(99): Dispatcher->dispatch(Object(CakeRequest), Object(CakeResponse))
#1 {main}
2014-10-12 15:56:19 Error: [MissingControllerException] Controller class CssController could not be found.
Exception Attributes: array (
  'class' => 'CssController',
  'plugin' => NULL,
)
Request URL: /css/style-popup.css?11%3A422=
Stack Trace:
#0 D:\xampp\htdocs\thuexedn\webroot\index.php(99): Dispatcher->dispatch(Object(CakeRequest), Object(CakeResponse))
#1 {main}
2014-10-12 15:56:21 Error: [MissingControllerException] Controller class ImagesController could not be found.
Exception Attributes: array (
  'class' => 'ImagesController',
  'plugin' => NULL,
)
Request URL: /images/2014/bg-top.gif
Stack Trace:
#0 D:\xampp\htdocs\thuexedn\webroot\index.php(99): Dispatcher->dispatch(Object(CakeRequest), Object(CakeResponse))
#1 {main}
2014-10-12 15:56:21 Error: [MissingControllerException] Controller class ImagesController could not be found.
Exception Attributes: array (
  'class' => 'ImagesController',
  'plugin' => NULL,
)
Request URL: /images/2014/logo-saigontourist-tdong.gif
Stack Trace:
#0 D:\xampp\htdocs\thuexedn\webroot\index.php(99): Dispatcher->dispatch(Object(CakeRequest), Object(CakeResponse))
#1 {main}
2014-10-12 15:56:21 Error: [MissingControllerException] Controller class ImagesController could not be found.
Exception Attributes: array (
  'class' => 'ImagesController',
  'plugin' => NULL,
)
Request URL: /images/2014/slogon-top-nd5.jpg
Stack Trace:
#0 D:\xampp\htdocs\thuexedn\webroot\index.php(99): Dispatcher->dispatch(Object(CakeRequest), Object(CakeResponse))
#1 {main}
2014-10-12 15:56:21 Error: [MissingControllerException] Controller class ImagesController could not be found.
Exception Attributes: array (
  'class' => 'ImagesController',
  'plugin' => NULL,
)
Request URL: /images/2014/bg-hotline.gif
Stack Trace:
#0 D:\xampp\htdocs\thuexedn\webroot\index.php(99): Dispatcher->dispatch(Object(CakeRequest), Object(CakeResponse))
#1 {main}
2014-10-12 15:56:29 Error: [MissingControllerException] Controller class CssController could not be found.
Exception Attributes: array (
  'class' => 'CssController',
  'plugin' => NULL,
)
Request URL: /css/jquery-ui.css
Stack Trace:
#0 D:\xampp\htdocs\thuexedn\webroot\index.php(99): Dispatcher->dispatch(Object(CakeRequest), Object(CakeResponse))
#1 {main}
2014-10-12 15:56:29 Error: [MissingControllerException] Controller class JsController could not be found.
Exception Attributes: array (
  'class' => 'JsController',
  'plugin' => NULL,
)
Request URL: /js/script-popup.js
Stack Trace:
#0 D:\xampp\htdocs\thuexedn\webroot\index.php(99): Dispatcher->dispatch(Object(CakeRequest), Object(CakeResponse))
#1 {main}
2014-10-12 15:56:29 Error: [MissingControllerException] Controller class CssController could not be found.
Exception Attributes: array (
  'class' => 'CssController',
  'plugin' => NULL,
)
Request URL: /css/style-popup.css?11%3A422=
Stack Trace:
#0 D:\xampp\htdocs\thuexedn\webroot\index.php(99): Dispatcher->dispatch(Object(CakeRequest), Object(CakeResponse))
#1 {main}
2014-10-12 15:56:29 Error: [MissingControllerException] Controller class CssController could not be found.
Exception Attributes: array (
  'class' => 'CssController',
  'plugin' => NULL,
)
Request URL: /css/style.css
Stack Trace:
#0 D:\xampp\htdocs\thuexedn\webroot\index.php(99): Dispatcher->dispatch(Object(CakeRequest), Object(CakeResponse))
#1 {main}
2014-10-12 15:56:30 Error: [MissingControllerException] Controller class ImagesController could not be found.
Exception Attributes: array (
  'class' => 'ImagesController',
  'plugin' => NULL,
)
Request URL: /images/2014/logo-saigontourist-tdong.gif
Stack Trace:
#0 D:\xampp\htdocs\thuexedn\webroot\index.php(99): Dispatcher->dispatch(Object(CakeRequest), Object(CakeResponse))
#1 {main}
2014-10-12 15:56:30 Error: [MissingControllerException] Controller class ImagesController could not be found.
Exception Attributes: array (
  'class' => 'ImagesController',
  'plugin' => NULL,
)
Request URL: /images/2014/bg-top.gif
Stack Trace:
#0 D:\xampp\htdocs\thuexedn\webroot\index.php(99): Dispatcher->dispatch(Object(CakeRequest), Object(CakeResponse))
#1 {main}
2014-10-12 15:56:30 Error: [MissingControllerException] Controller class ImagesController could not be found.
Exception Attributes: array (
  'class' => 'ImagesController',
  'plugin' => NULL,
)
Request URL: /images/2014/bg-hotline.gif
Stack Trace:
#0 D:\xampp\htdocs\thuexedn\webroot\index.php(99): Dispatcher->dispatch(Object(CakeRequest), Object(CakeResponse))
#1 {main}
2014-10-12 15:56:30 Error: [MissingControllerException] Controller class ImagesController could not be found.
Exception Attributes: array (
  'class' => 'ImagesController',
  'plugin' => NULL,
)
Request URL: /images/2014/slogon-top-nd5.jpg
Stack Trace:
#0 D:\xampp\htdocs\thuexedn\webroot\index.php(99): Dispatcher->dispatch(Object(CakeRequest), Object(CakeResponse))
#1 {main}
2014-10-12 15:56:35 Error: [MissingControllerException] Controller class CssController could not be found.
Exception Attributes: array (
  'class' => 'CssController',
  'plugin' => NULL,
)
Request URL: /css/style-popup.css?11%3A422=
Stack Trace:
#0 D:\xampp\htdocs\thuexedn\webroot\index.php(99): Dispatcher->dispatch(Object(CakeRequest), Object(CakeResponse))
#1 {main}
2014-10-12 15:56:35 Error: [MissingControllerException] Controller class CssController could not be found.
Exception Attributes: array (
  'class' => 'CssController',
  'plugin' => NULL,
)
Request URL: /css/jquery-ui.css
Stack Trace:
#0 D:\xampp\htdocs\thuexedn\webroot\index.php(99): Dispatcher->dispatch(Object(CakeRequest), Object(CakeResponse))
#1 {main}
2014-10-12 15:56:35 Error: [MissingControllerException] Controller class JsController could not be found.
Exception Attributes: array (
  'class' => 'JsController',
  'plugin' => NULL,
)
Request URL: /js/script-popup.js
Stack Trace:
#0 D:\xampp\htdocs\thuexedn\webroot\index.php(99): Dispatcher->dispatch(Object(CakeRequest), Object(CakeResponse))
#1 {main}
2014-10-12 15:56:35 Error: [MissingControllerException] Controller class CssController could not be found.
Exception Attributes: array (
  'class' => 'CssController',
  'plugin' => NULL,
)
Request URL: /css/style.css
Stack Trace:
#0 D:\xampp\htdocs\thuexedn\webroot\index.php(99): Dispatcher->dispatch(Object(CakeRequest), Object(CakeResponse))
#1 {main}
2014-10-12 15:56:37 Error: [MissingControllerException] Controller class ImagesController could not be found.
Exception Attributes: array (
  'class' => 'ImagesController',
  'plugin' => NULL,
)
Request URL: /images/2014/slogon-top-nd5.jpg
Stack Trace:
#0 D:\xampp\htdocs\thuexedn\webroot\index.php(99): Dispatcher->dispatch(Object(CakeRequest), Object(CakeResponse))
#1 {main}
2014-10-12 15:56:37 Error: [MissingControllerException] Controller class ImagesController could not be found.
Exception Attributes: array (
  'class' => 'ImagesController',
  'plugin' => NULL,
)
Request URL: /images/2014/bg-top.gif
Stack Trace:
#0 D:\xampp\htdocs\thuexedn\webroot\index.php(99): Dispatcher->dispatch(Object(CakeRequest), Object(CakeResponse))
#1 {main}
2014-10-12 15:56:37 Error: [MissingControllerException] Controller class ImagesController could not be found.
Exception Attributes: array (
  'class' => 'ImagesController',
  'plugin' => NULL,
)
Request URL: /images/2014/logo-saigontourist-tdong.gif
Stack Trace:
#0 D:\xampp\htdocs\thuexedn\webroot\index.php(99): Dispatcher->dispatch(Object(CakeRequest), Object(CakeResponse))
#1 {main}
2014-10-12 15:56:37 Error: [MissingControllerException] Controller class ImagesController could not be found.
Exception Attributes: array (
  'class' => 'ImagesController',
  'plugin' => NULL,
)
Request URL: /images/2014/bg-hotline.gif
Stack Trace:
#0 D:\xampp\htdocs\thuexedn\webroot\index.php(99): Dispatcher->dispatch(Object(CakeRequest), Object(CakeResponse))
#1 {main}
2014-10-12 15:57:11 Error: [MissingControllerException] Controller class ImagesController could not be found.
Exception Attributes: array (
  'class' => 'ImagesController',
  'plugin' => NULL,
)
Request URL: /images/2014/menu-vembay-hover.gif
Stack Trace:
#0 D:\xampp\htdocs\thuexedn\webroot\index.php(99): Dispatcher->dispatch(Object(CakeRequest), Object(CakeResponse))
#1 {main}
2014-10-12 15:57:11 Error: [MissingControllerException] Controller class ImagesController could not be found.
Exception Attributes: array (
  'class' => 'ImagesController',
  'plugin' => NULL,
)
Request URL: /images/2014/menu-tournuocngoai-hover.gif
Stack Trace:
#0 D:\xampp\htdocs\thuexedn\webroot\index.php(99): Dispatcher->dispatch(Object(CakeRequest), Object(CakeResponse))
#1 {main}
2014-10-12 15:57:13 Error: [MissingControllerException] Controller class CssController could not be found.
Exception Attributes: array (
  'class' => 'CssController',
  'plugin' => NULL,
)
Request URL: /css/jquery-ui.css
Stack Trace:
#0 D:\xampp\htdocs\thuexedn\webroot\index.php(99): Dispatcher->dispatch(Object(CakeRequest), Object(CakeResponse))
#1 {main}
2014-10-12 15:57:14 Error: [MissingControllerException] Controller class JsController could not be found.
Exception Attributes: array (
  'class' => 'JsController',
  'plugin' => NULL,
)
Request URL: /js/script-popup.js
Stack Trace:
#0 D:\xampp\htdocs\thuexedn\webroot\index.php(99): Dispatcher->dispatch(Object(CakeRequest), Object(CakeResponse))
#1 {main}
2014-10-12 15:57:14 Error: [MissingControllerException] Controller class CssController could not be found.
Exception Attributes: array (
  'class' => 'CssController',
  'plugin' => NULL,
)
Request URL: /css/style-popup.css
Stack Trace:
#0 D:\xampp\htdocs\thuexedn\webroot\index.php(99): Dispatcher->dispatch(Object(CakeRequest), Object(CakeResponse))
#1 {main}
2014-10-12 15:57:14 Error: [MissingControllerException] Controller class CssController could not be found.
Exception Attributes: array (
  'class' => 'CssController',
  'plugin' => NULL,
)
Request URL: /css/style.css
Stack Trace:
#0 D:\xampp\htdocs\thuexedn\webroot\index.php(99): Dispatcher->dispatch(Object(CakeRequest), Object(CakeResponse))
#1 {main}
2014-10-12 15:57:15 Error: [MissingControllerException] Controller class ImagesController could not be found.
Exception Attributes: array (
  'class' => 'ImagesController',
  'plugin' => NULL,
)
Request URL: /images/2014/bg-top.gif
Stack Trace:
#0 D:\xampp\htdocs\thuexedn\webroot\index.php(99): Dispatcher->dispatch(Object(CakeRequest), Object(CakeResponse))
#1 {main}
2014-10-12 15:57:15 Error: [MissingControllerException] Controller class ImagesController could not be found.
Exception Attributes: array (
  'class' => 'ImagesController',
  'plugin' => NULL,
)
Request URL: /images/2014/logo-saigontourist-tdong.gif
Stack Trace:
#0 D:\xampp\htdocs\thuexedn\webroot\index.php(99): Dispatcher->dispatch(Object(CakeRequest), Object(CakeResponse))
#1 {main}
2014-10-12 15:57:15 Error: [MissingControllerException] Controller class ImagesController could not be found.
Exception Attributes: array (
  'class' => 'ImagesController',
  'plugin' => NULL,
)
Request URL: /images/2014/slogon-top-nd5.jpg
Stack Trace:
#0 D:\xampp\htdocs\thuexedn\webroot\index.php(99): Dispatcher->dispatch(Object(CakeRequest), Object(CakeResponse))
#1 {main}
2014-10-12 15:57:15 Error: [MissingControllerException] Controller class ImagesController could not be found.
Exception Attributes: array (
  'class' => 'ImagesController',
  'plugin' => NULL,
)
Request URL: /images/2014/bg-hotline.gif
Stack Trace:
#0 D:\xampp\htdocs\thuexedn\webroot\index.php(99): Dispatcher->dispatch(Object(CakeRequest), Object(CakeResponse))
#1 {main}
2014-10-12 15:57:26 Error: [MissingControllerException] Controller class CssController could not be found.
Exception Attributes: array (
  'class' => 'CssController',
  'plugin' => NULL,
)
Request URL: /css/jquery-ui.css
Stack Trace:
#0 D:\xampp\htdocs\thuexedn\webroot\index.php(99): Dispatcher->dispatch(Object(CakeRequest), Object(CakeResponse))
#1 {main}
2014-10-12 15:57:26 Error: [MissingControllerException] Controller class CssController could not be found.
Exception Attributes: array (
  'class' => 'CssController',
  'plugin' => NULL,
)
Request URL: /css/css/jquery-ui.css
Stack Trace:
#0 D:\xampp\htdocs\thuexedn\webroot\index.php(99): Dispatcher->dispatch(Object(CakeRequest), Object(CakeResponse))
#1 {main}
2014-10-12 15:57:26 Error: [MissingControllerException] Controller class CssController could not be found.
Exception Attributes: array (
  'class' => 'CssController',
  'plugin' => NULL,
)
Request URL: /css/css/style-popup.css
Stack Trace:
#0 D:\xampp\htdocs\thuexedn\webroot\index.php(99): Dispatcher->dispatch(Object(CakeRequest), Object(CakeResponse))
#1 {main}
2014-10-12 15:57:26 Error: [MissingControllerException] Controller class CssController could not be found.
Exception Attributes: array (
  'class' => 'CssController',
  'plugin' => NULL,
)
Request URL: /css/js/script-popup.js
Stack Trace:
#0 D:\xampp\htdocs\thuexedn\webroot\index.php(99): Dispatcher->dispatch(Object(CakeRequest), Object(CakeResponse))
#1 {main}
2014-10-12 15:57:26 Error: [MissingControllerException] Controller class CssController could not be found.
Exception Attributes: array (
  'class' => 'CssController',
  'plugin' => NULL,
)
Request URL: /css/css/style.css
Stack Trace:
#0 D:\xampp\htdocs\thuexedn\webroot\index.php(99): Dispatcher->dispatch(Object(CakeRequest), Object(CakeResponse))
#1 {main}
2014-10-12 15:57:27 Error: [MissingControllerException] Controller class CssController could not be found.
Exception Attributes: array (
  'class' => 'CssController',
  'plugin' => NULL,
)
Request URL: /css/images/2014/bg-top.gif
Stack Trace:
#0 D:\xampp\htdocs\thuexedn\webroot\index.php(99): Dispatcher->dispatch(Object(CakeRequest), Object(CakeResponse))
#1 {main}
2014-10-12 15:57:27 Error: [MissingControllerException] Controller class CssController could not be found.
Exception Attributes: array (
  'class' => 'CssController',
  'plugin' => NULL,
)
Request URL: /css/images/2014/slogon-top-nd5.jpg
Stack Trace:
#0 D:\xampp\htdocs\thuexedn\webroot\index.php(99): Dispatcher->dispatch(Object(CakeRequest), Object(CakeResponse))
#1 {main}
2014-10-12 15:57:27 Error: [MissingControllerException] Controller class CssController could not be found.
Exception Attributes: array (
  'class' => 'CssController',
  'plugin' => NULL,
)
Request URL: /css/images/2014/logo-saigontourist-tdong.gif
Stack Trace:
#0 D:\xampp\htdocs\thuexedn\webroot\index.php(99): Dispatcher->dispatch(Object(CakeRequest), Object(CakeResponse))
#1 {main}
2014-10-12 15:57:27 Error: [MissingControllerException] Controller class CssController could not be found.
Exception Attributes: array (
  'class' => 'CssController',
  'plugin' => NULL,
)
Request URL: /css/images/2014/bg-hotline.gif
Stack Trace:
#0 D:\xampp\htdocs\thuexedn\webroot\index.php(99): Dispatcher->dispatch(Object(CakeRequest), Object(CakeResponse))
#1 {main}
2014-10-12 15:57:38 Error: [MissingControllerException] Controller class CssController could not be found.
Exception Attributes: array (
  'class' => 'CssController',
  'plugin' => NULL,
)
Request URL: /css/images/2014/menu-tournuocngoai-hover.gif
Stack Trace:
#0 D:\xampp\htdocs\thuexedn\webroot\index.php(99): Dispatcher->dispatch(Object(CakeRequest), Object(CakeResponse))
#1 {main}
2014-10-12 15:57:38 Error: [MissingControllerException] Controller class CssController could not be found.
Exception Attributes: array (
  'class' => 'CssController',
  'plugin' => NULL,
)
Request URL: /css/images/2014/menu-tourtrongnuoc-hover.gif
Stack Trace:
#0 D:\xampp\htdocs\thuexedn\webroot\index.php(99): Dispatcher->dispatch(Object(CakeRequest), Object(CakeResponse))
#1 {main}
2014-10-12 15:57:42 Error: [MissingControllerException] Controller class CssController could not be found.
Exception Attributes: array (
  'class' => 'CssController',
  'plugin' => NULL,
)
Request URL: /css/style-popup.css
Stack Trace:
#0 D:\xampp\htdocs\thuexedn\webroot\index.php(99): Dispatcher->dispatch(Object(CakeRequest), Object(CakeResponse))
#1 {main}
2014-10-12 15:57:42 Error: [MissingControllerException] Controller class JsController could not be found.
Exception Attributes: array (
  'class' => 'JsController',
  'plugin' => NULL,
)
Request URL: /js/script-popup.js
Stack Trace:
#0 D:\xampp\htdocs\thuexedn\webroot\index.php(99): Dispatcher->dispatch(Object(CakeRequest), Object(CakeResponse))
#1 {main}
2014-10-12 15:57:42 Error: [MissingControllerException] Controller class CssController could not be found.
Exception Attributes: array (
  'class' => 'CssController',
  'plugin' => NULL,
)
Request URL: /css/jquery-ui.css
Stack Trace:
#0 D:\xampp\htdocs\thuexedn\webroot\index.php(99): Dispatcher->dispatch(Object(CakeRequest), Object(CakeResponse))
#1 {main}
2014-10-12 15:57:42 Error: [MissingControllerException] Controller class CssController could not be found.
Exception Attributes: array (
  'class' => 'CssController',
  'plugin' => NULL,
)
Request URL: /css/style.css
Stack Trace:
#0 D:\xampp\htdocs\thuexedn\webroot\index.php(99): Dispatcher->dispatch(Object(CakeRequest), Object(CakeResponse))
#1 {main}
2014-10-12 15:57:43 Error: [MissingControllerException] Controller class ImagesController could not be found.
Exception Attributes: array (
  'class' => 'ImagesController',
  'plugin' => NULL,
)
Request URL: /images/2014/logo-saigontourist-tdong.gif
Stack Trace:
#0 D:\xampp\htdocs\thuexedn\webroot\index.php(99): Dispatcher->dispatch(Object(CakeRequest), Object(CakeResponse))
#1 {main}
2014-10-12 15:57:43 Error: [MissingControllerException] Controller class ImagesController could not be found.
Exception Attributes: array (
  'class' => 'ImagesController',
  'plugin' => NULL,
)
Request URL: /images/2014/bg-top.gif
Stack Trace:
#0 D:\xampp\htdocs\thuexedn\webroot\index.php(99): Dispatcher->dispatch(Object(CakeRequest), Object(CakeResponse))
#1 {main}
2014-10-12 15:57:43 Error: [MissingControllerException] Controller class ImagesController could not be found.
Exception Attributes: array (
  'class' => 'ImagesController',
  'plugin' => NULL,
)
Request URL: /images/2014/slogon-top-nd5.jpg
Stack Trace:
#0 D:\xampp\htdocs\thuexedn\webroot\index.php(99): Dispatcher->dispatch(Object(CakeRequest), Object(CakeResponse))
#1 {main}
2014-10-12 15:57:43 Error: [MissingControllerException] Controller class ImagesController could not be found.
Exception Attributes: array (
  'class' => 'ImagesController',
  'plugin' => NULL,
)
Request URL: /images/2014/bg-hotline.gif
Stack Trace:
#0 D:\xampp\htdocs\thuexedn\webroot\index.php(99): Dispatcher->dispatch(Object(CakeRequest), Object(CakeResponse))
#1 {main}
2014-10-12 15:57:52 Error: [MissingControllerException] Controller class ImagesController could not be found.
Exception Attributes: array (
  'class' => 'ImagesController',
  'plugin' => NULL,
)
Request URL: /images/2014/menu-tournuocngoai-hover.gif
Stack Trace:
#0 D:\xampp\htdocs\thuexedn\webroot\index.php(99): Dispatcher->dispatch(Object(CakeRequest), Object(CakeResponse))
#1 {main}
2014-10-12 15:57:52 Error: [MissingControllerException] Controller class ImagesController could not be found.
Exception Attributes: array (
  'class' => 'ImagesController',
  'plugin' => NULL,
)
Request URL: /images/2014/menu-tournuocngoai-hover.gif
Stack Trace:
#0 D:\xampp\htdocs\thuexedn\webroot\index.php(99): Dispatcher->dispatch(Object(CakeRequest), Object(CakeResponse))
#1 {main}
2014-10-12 15:58:16 Error: [MissingControllerException] Controller class CssController could not be found.
Exception Attributes: array (
  'class' => 'CssController',
  'plugin' => NULL,
)
Request URL: /css/images/2014/menu-thuexe-hover.gif
Stack Trace:
#0 D:\xampp\htdocs\thuexedn\webroot\index.php(99): Dispatcher->dispatch(Object(CakeRequest), Object(CakeResponse))
#1 {main}
2014-10-12 15:58:16 Error: [MissingControllerException] Controller class CssController could not be found.
Exception Attributes: array (
  'class' => 'CssController',
  'plugin' => NULL,
)
Request URL: /css/images/2014/menu-tournuocngoai-hover.gif
Stack Trace:
#0 D:\xampp\htdocs\thuexedn\webroot\index.php(99): Dispatcher->dispatch(Object(CakeRequest), Object(CakeResponse))
#1 {main}
2014-10-12 15:58:20 Error: [MissingControllerException] Controller class CssController could not be found.
Exception Attributes: array (
  'class' => 'CssController',
  'plugin' => NULL,
)
Request URL: /css/favicon.ico
Stack Trace:
#0 D:\xampp\htdocs\thuexedn\webroot\index.php(99): Dispatcher->dispatch(Object(CakeRequest), Object(CakeResponse))
#1 {main}
2014-10-12 16:02:17 Error: [MissingControllerException] Controller class ImagesController could not be found.
Exception Attributes: array (
  'class' => 'ImagesController',
  'plugin' => NULL,
)
Request URL: /images/2014/slogon-top-nd5.jpg
Stack Trace:
#0 D:\xampp\htdocs\thuexedn\webroot\index.php(99): Dispatcher->dispatch(Object(CakeRequest), Object(CakeResponse))
#1 {main}
2014-10-12 16:02:17 Error: [MissingControllerException] Controller class ImagesController could not be found.
Exception Attributes: array (
  'class' => 'ImagesController',
  'plugin' => NULL,
)
Request URL: /images/2014/bg-top.gif
Stack Trace:
#0 D:\xampp\htdocs\thuexedn\webroot\index.php(99): Dispatcher->dispatch(Object(CakeRequest), Object(CakeResponse))
#1 {main}
2014-10-12 16:02:17 Error: [MissingControllerException] Controller class ImagesController could not be found.
Exception Attributes: array (
  'class' => 'ImagesController',
  'plugin' => NULL,
)
Request URL: /images/2014/logo-saigontourist-tdong.gif
Stack Trace:
#0 D:\xampp\htdocs\thuexedn\webroot\index.php(99): Dispatcher->dispatch(Object(CakeRequest), Object(CakeResponse))
#1 {main}
2014-10-12 16:02:17 Error: [MissingControllerException] Controller class ImagesController could not be found.
Exception Attributes: array (
  'class' => 'ImagesController',
  'plugin' => NULL,
)
Request URL: /images/2014/bg-hotline.gif
Stack Trace:
#0 D:\xampp\htdocs\thuexedn\webroot\index.php(99): Dispatcher->dispatch(Object(CakeRequest), Object(CakeResponse))
#1 {main}
2014-10-12 16:02:18 Error: [MissingControllerException] Controller class ImagesController could not be found.
Exception Attributes: array (
  'class' => 'ImagesController',
  'plugin' => NULL,
)
Request URL: /images/2014/menu-tourtrongnuoc-hover.gif
Stack Trace:
#0 D:\xampp\htdocs\thuexedn\webroot\index.php(99): Dispatcher->dispatch(Object(CakeRequest), Object(CakeResponse))
#1 {main}
2014-10-12 16:04:16 Error: [MissingControllerException] Controller class ImagesController could not be found.
Exception Attributes: array (
  'class' => 'ImagesController',
  'plugin' => NULL,
)
Request URL: /images/2014/menu-tourtrongnuoc-hover.gif
Stack Trace:
#0 D:\xampp\htdocs\thuexedn\webroot\index.php(99): Dispatcher->dispatch(Object(CakeRequest), Object(CakeResponse))
#1 {main}
2014-10-12 16:04:17 Error: [MissingControllerException] Controller class ImagesController could not be found.
Exception Attributes: array (
  'class' => 'ImagesController',
  'plugin' => NULL,
)
Request URL: /images/2014/menu-tourtrongnuoc-hover.gif
Stack Trace:
#0 D:\xampp\htdocs\thuexedn\webroot\index.php(99): Dispatcher->dispatch(Object(CakeRequest), Object(CakeResponse))
#1 {main}
2014-10-12 16:04:18 Error: [MissingControllerException] Controller class ImagesController could not be found.
Exception Attributes: array (
  'class' => 'ImagesController',
  'plugin' => NULL,
)
Request URL: /images/2014/menu-tourtrongnuoc-hover.gif
Stack Trace:
#0 D:\xampp\htdocs\thuexedn\webroot\index.php(99): Dispatcher->dispatch(Object(CakeRequest), Object(CakeResponse))
#1 {main}
2014-10-12 16:04:18 Error: [MissingControllerException] Controller class ImagesController could not be found.
Exception Attributes: array (
  'class' => 'ImagesController',
  'plugin' => NULL,
)
Request URL: /images/2014/menu-tournuocngoai-hover.gif
Stack Trace:
#0 D:\xampp\htdocs\thuexedn\webroot\index.php(99): Dispatcher->dispatch(Object(CakeRequest), Object(CakeResponse))
#1 {main}
2014-10-12 16:04:19 Error: [MissingControllerException] Controller class ImagesController could not be found.
Exception Attributes: array (
  'class' => 'ImagesController',
  'plugin' => NULL,
)
Request URL: /images/2014/menu-vembay-hover.gif
Stack Trace:
#0 D:\xampp\htdocs\thuexedn\webroot\index.php(99): Dispatcher->dispatch(Object(CakeRequest), Object(CakeResponse))
#1 {main}
2014-10-12 16:04:19 Error: [MissingControllerException] Controller class ImagesController could not be found.
Exception Attributes: array (
  'class' => 'ImagesController',
  'plugin' => NULL,
)
Request URL: /images/2014/menu-thuexe-hover.gif
Stack Trace:
#0 D:\xampp\htdocs\thuexedn\webroot\index.php(99): Dispatcher->dispatch(Object(CakeRequest), Object(CakeResponse))
#1 {main}
2014-10-12 16:04:19 Error: [MissingControllerException] Controller class ImagesController could not be found.
Exception Attributes: array (
  'class' => 'ImagesController',
  'plugin' => NULL,
)
Request URL: /images/2014/menu-lienhe-hover.gif
Stack Trace:
#0 D:\xampp\htdocs\thuexedn\webroot\index.php(99): Dispatcher->dispatch(Object(CakeRequest), Object(CakeResponse))
#1 {main}
2014-10-12 16:04:20 Error: [MissingControllerException] Controller class ImagesController could not be found.
Exception Attributes: array (
  'class' => 'ImagesController',
  'plugin' => NULL,
)
Request URL: /images/2014/menu-lienhe-hover.gif
Stack Trace:
#0 D:\xampp\htdocs\thuexedn\webroot\index.php(99): Dispatcher->dispatch(Object(CakeRequest), Object(CakeResponse))
#1 {main}
2014-10-12 16:04:20 Error: [MissingControllerException] Controller class ImagesController could not be found.
Exception Attributes: array (
  'class' => 'ImagesController',
  'plugin' => NULL,
)
Request URL: /images/2014/menu-thuexe-hover.gif
Stack Trace:
#0 D:\xampp\htdocs\thuexedn\webroot\index.php(99): Dispatcher->dispatch(Object(CakeRequest), Object(CakeResponse))
#1 {main}
2014-10-12 16:04:21 Error: [MissingControllerException] Controller class ImagesController could not be found.
Exception Attributes: array (
  'class' => 'ImagesController',
  'plugin' => NULL,
)
Request URL: /images/2014/menu-vembay-hover.gif
Stack Trace:
#0 D:\xampp\htdocs\thuexedn\webroot\index.php(99): Dispatcher->dispatch(Object(CakeRequest), Object(CakeResponse))
#1 {main}
2014-10-12 16:04:21 Error: [MissingControllerException] Controller class ImagesController could not be found.
Exception Attributes: array (
  'class' => 'ImagesController',
  'plugin' => NULL,
)
Request URL: /images/2014/menu-thuexe-hover.gif
Stack Trace:
#0 D:\xampp\htdocs\thuexedn\webroot\index.php(99): Dispatcher->dispatch(Object(CakeRequest), Object(CakeResponse))
#1 {main}
2014-10-12 16:04:21 Error: [MissingControllerException] Controller class ImagesController could not be found.
Exception Attributes: array (
  'class' => 'ImagesController',
  'plugin' => NULL,
)
Request URL: /images/2014/menu-lienhe-hover.gif
Stack Trace:
#0 D:\xampp\htdocs\thuexedn\webroot\index.php(99): Dispatcher->dispatch(Object(CakeRequest), Object(CakeResponse))
#1 {main}
2014-10-12 17:04:08 Error: [MissingControllerException] Controller class ImagesController could not be found.
Exception Attributes: array (
  'class' => 'ImagesController',
  'plugin' => NULL,
)
Request URL: /images/2014/menu-lienhe-hover.gif
Stack Trace:
#0 D:\xampp\htdocs\thuexedn\webroot\index.php(99): Dispatcher->dispatch(Object(CakeRequest), Object(CakeResponse))
#1 {main}
2014-10-12 17:04:09 Error: [MissingControllerException] Controller class ImagesController could not be found.
Exception Attributes: array (
  'class' => 'ImagesController',
  'plugin' => NULL,
)
Request URL: /images/2014/menu-vembay-hover.gif
Stack Trace:
#0 D:\xampp\htdocs\thuexedn\webroot\index.php(99): Dispatcher->dispatch(Object(CakeRequest), Object(CakeResponse))
#1 {main}
2014-10-12 17:04:09 Error: [MissingControllerException] Controller class ImagesController could not be found.
Exception Attributes: array (
  'class' => 'ImagesController',
  'plugin' => NULL,
)
Request URL: /images/2014/menu-tournuocngoai-hover.gif
Stack Trace:
#0 D:\xampp\htdocs\thuexedn\webroot\index.php(99): Dispatcher->dispatch(Object(CakeRequest), Object(CakeResponse))
#1 {main}
2014-10-12 17:04:09 Error: [MissingControllerException] Controller class ImagesController could not be found.
Exception Attributes: array (
  'class' => 'ImagesController',
  'plugin' => NULL,
)
Request URL: /images/2014/menu-tourtrongnuoc-hover.gif
Stack Trace:
#0 D:\xampp\htdocs\thuexedn\webroot\index.php(99): Dispatcher->dispatch(Object(CakeRequest), Object(CakeResponse))
#1 {main}
2014-10-12 17:04:27 Error: [MissingControllerException] Controller class ImagesController could not be found.
Exception Attributes: array (
  'class' => 'ImagesController',
  'plugin' => NULL,
)
Request URL: /images/2014/menu-tourtrongnuoc-hover.gif
Stack Trace:
#0 D:\xampp\htdocs\thuexedn\webroot\index.php(99): Dispatcher->dispatch(Object(CakeRequest), Object(CakeResponse))
#1 {main}
2014-10-12 17:04:27 Error: [MissingControllerException] Controller class ImagesController could not be found.
Exception Attributes: array (
  'class' => 'ImagesController',
  'plugin' => NULL,
)
Request URL: /images/2014/menu-tourtrongnuoc-hover.gif
Stack Trace:
#0 D:\xampp\htdocs\thuexedn\webroot\index.php(99): Dispatcher->dispatch(Object(CakeRequest), Object(CakeResponse))
#1 {main}
2014-10-12 17:09:15 Error: [MissingControllerException] Controller class ImagesController could not be found.
Exception Attributes: array (
  'class' => 'ImagesController',
  'plugin' => NULL,
)
Request URL: /images/2014/menu-tourtrongnuoc-hover.gif
Stack Trace:
#0 D:\xampp\htdocs\thuexedn\webroot\index.php(99): Dispatcher->dispatch(Object(CakeRequest), Object(CakeResponse))
#1 {main}
2014-10-12 17:09:16 Error: [MissingControllerException] Controller class ImagesController could not be found.
Exception Attributes: array (
  'class' => 'ImagesController',
  'plugin' => NULL,
)
Request URL: /images/2014/menu-lienhe-hover.gif
Stack Trace:
#0 D:\xampp\htdocs\thuexedn\webroot\index.php(99): Dispatcher->dispatch(Object(CakeRequest), Object(CakeResponse))
#1 {main}
2014-10-12 17:09:17 Error: [MissingControllerException] Controller class Lienhe.phpController could not be found.
Exception Attributes: array (
  'class' => 'Lienhe.phpController',
  'plugin' => NULL,
)
Request URL: /lienhe.php
Stack Trace:
#0 D:\xampp\htdocs\thuexedn\webroot\index.php(99): Dispatcher->dispatch(Object(CakeRequest), Object(CakeResponse))
#1 {main}
2014-10-12 17:09:18 Error: [MissingControllerException] Controller class ImagesController could not be found.
Exception Attributes: array (
  'class' => 'ImagesController',
  'plugin' => NULL,
)
Request URL: /images/2014/bg-top.gif
Stack Trace:
#0 D:\xampp\htdocs\thuexedn\webroot\index.php(99): Dispatcher->dispatch(Object(CakeRequest), Object(CakeResponse))
#1 {main}
2014-10-12 17:09:18 Error: [MissingControllerException] Controller class ImagesController could not be found.
Exception Attributes: array (
  'class' => 'ImagesController',
  'plugin' => NULL,
)
Request URL: /images/2014/logo-saigontourist-tdong.gif
Stack Trace:
#0 D:\xampp\htdocs\thuexedn\webroot\index.php(99): Dispatcher->dispatch(Object(CakeRequest), Object(CakeResponse))
#1 {main}
2014-10-12 17:09:18 Error: [MissingControllerException] Controller class ImagesController could not be found.
Exception Attributes: array (
  'class' => 'ImagesController',
  'plugin' => NULL,
)
Request URL: /images/2014/slogon-top-nd5.jpg
Stack Trace:
#0 D:\xampp\htdocs\thuexedn\webroot\index.php(99): Dispatcher->dispatch(Object(CakeRequest), Object(CakeResponse))
#1 {main}
2014-10-12 17:09:18 Error: [MissingControllerException] Controller class ImagesController could not be found.
Exception Attributes: array (
  'class' => 'ImagesController',
  'plugin' => NULL,
)
Request URL: /images/2014/bg-hotline.gif
Stack Trace:
#0 D:\xampp\htdocs\thuexedn\webroot\index.php(99): Dispatcher->dispatch(Object(CakeRequest), Object(CakeResponse))
#1 {main}
2014-10-12 17:09:22 Error: [MissingControllerException] Controller class ImagesController could not be found.
Exception Attributes: array (
  'class' => 'ImagesController',
  'plugin' => NULL,
)
Request URL: /images/2014/menu-lienhe-hover.gif
Stack Trace:
#0 D:\xampp\htdocs\thuexedn\webroot\index.php(99): Dispatcher->dispatch(Object(CakeRequest), Object(CakeResponse))
#1 {main}
2014-10-13 02:03:13 Error: [MissingControllerException] Controller class CssController could not be found.
Exception Attributes: array (
  'class' => 'CssController',
  'plugin' => NULL,
)
Request URL: /css/images/2014/menu-lienhe-hover.gif
Stack Trace:
#0 D:\xampp\htdocs\thuexedn\webroot\index.php(99): Dispatcher->dispatch(Object(CakeRequest), Object(CakeResponse))
#1 {main}
2014-10-13 02:03:13 Error: [MissingControllerException] Controller class CssController could not be found.
Exception Attributes: array (
  'class' => 'CssController',
  'plugin' => NULL,
)
Request URL: /css/images/2014/menu-thuexe-hover.gif
Stack Trace:
#0 D:\xampp\htdocs\thuexedn\webroot\index.php(99): Dispatcher->dispatch(Object(CakeRequest), Object(CakeResponse))
#1 {main}
2014-10-13 02:03:13 Error: [MissingControllerException] Controller class CssController could not be found.
Exception Attributes: array (
  'class' => 'CssController',
  'plugin' => NULL,
)
Request URL: /css/images/2014/menu-vembay-hover.gif
Stack Trace:
#0 D:\xampp\htdocs\thuexedn\webroot\index.php(99): Dispatcher->dispatch(Object(CakeRequest), Object(CakeResponse))
#1 {main}
2014-10-13 02:03:13 Error: [MissingControllerException] Controller class CssController could not be found.
Exception Attributes: array (
  'class' => 'CssController',
  'plugin' => NULL,
)
Request URL: /css/images/2014/menu-tournuocngoai-hover.gif
Stack Trace:
#0 D:\xampp\htdocs\thuexedn\webroot\index.php(99): Dispatcher->dispatch(Object(CakeRequest), Object(CakeResponse))
#1 {main}
2014-10-13 02:03:14 Error: [MissingControllerException] Controller class CssController could not be found.
Exception Attributes: array (
  'class' => 'CssController',
  'plugin' => NULL,
)
Request URL: /css/images/2014/menu-tourtrongnuoc-hover.gif
Stack Trace:
#0 D:\xampp\htdocs\thuexedn\webroot\index.php(99): Dispatcher->dispatch(Object(CakeRequest), Object(CakeResponse))
#1 {main}
2014-10-13 02:03:14 Error: [MissingControllerException] Controller class CssController could not be found.
Exception Attributes: array (
  'class' => 'CssController',
  'plugin' => NULL,
)
Request URL: /css/images/2014/menu-tourtrongnuoc-hover.gif
Stack Trace:
#0 D:\xampp\htdocs\thuexedn\webroot\index.php(99): Dispatcher->dispatch(Object(CakeRequest), Object(CakeResponse))
#1 {main}
2014-10-13 02:03:16 Error: [MissingControllerException] Controller class CssController could not be found.
Exception Attributes: array (
  'class' => 'CssController',
  'plugin' => NULL,
)
Request URL: /css/images/2014/menu-tournuocngoai-hover.gif
Stack Trace:
#0 D:\xampp\htdocs\thuexedn\webroot\index.php(99): Dispatcher->dispatch(Object(CakeRequest), Object(CakeResponse))
#1 {main}
2014-10-13 02:03:17 Error: [MissingControllerException] Controller class CssController could not be found.
Exception Attributes: array (
  'class' => 'CssController',
  'plugin' => NULL,
)
Request URL: /css/images/2014/menu-vembay-hover.gif
Stack Trace:
#0 D:\xampp\htdocs\thuexedn\webroot\index.php(99): Dispatcher->dispatch(Object(CakeRequest), Object(CakeResponse))
#1 {main}
2014-10-13 02:03:17 Error: [MissingControllerException] Controller class CssController could not be found.
Exception Attributes: array (
  'class' => 'CssController',
  'plugin' => NULL,
)
Request URL: /css/images/2014/menu-thuexe-hover.gif
Stack Trace:
#0 D:\xampp\htdocs\thuexedn\webroot\index.php(99): Dispatcher->dispatch(Object(CakeRequest), Object(CakeResponse))
#1 {main}
2014-10-13 02:03:18 Error: [MissingControllerException] Controller class CssController could not be found.
Exception Attributes: array (
  'class' => 'CssController',
  'plugin' => NULL,
)
Request URL: /css/images/2014/menu-lienhe-hover.gif
Stack Trace:
#0 D:\xampp\htdocs\thuexedn\webroot\index.php(99): Dispatcher->dispatch(Object(CakeRequest), Object(CakeResponse))
#1 {main}
2014-10-13 02:03:20 Error: [MissingControllerException] Controller class CssController could not be found.
Exception Attributes: array (
  'class' => 'CssController',
  'plugin' => NULL,
)
Request URL: /css/images/2014/menu-vembay-hover.gif
Stack Trace:
#0 D:\xampp\htdocs\thuexedn\webroot\index.php(99): Dispatcher->dispatch(Object(CakeRequest), Object(CakeResponse))
#1 {main}
2014-10-13 09:01:34 Error: [MissingControllerException] Controller class DashboardController could not be found.
Exception Attributes: array (
  'class' => 'DashboardController',
  'plugin' => NULL,
)
Request URL: /admin/dashboard
Stack Trace:
#0 D:\xampp\htdocs\thuexedn\webroot\index.php(99): Dispatcher->dispatch(Object(CakeRequest), Object(CakeResponse))
#1 {main}
2014-10-13 15:55:49 Error: [MissingControllerException] Controller class ImagesController could not be found.
Exception Attributes: array (
  'class' => 'ImagesController',
  'plugin' => NULL,
)
Request URL: /images/banners/banner1.png
Stack Trace:
#0 D:\xampp\htdocs\thuexedn\webroot\index.php(99): Dispatcher->dispatch(Object(CakeRequest), Object(CakeResponse))
#1 {main}
2014-10-13 16:06:26 Error: [MissingControllerException] Controller class ThemeController could not be found.
Exception Attributes: array (
  'class' => 'ThemeController',
  'plugin' => NULL,
)
Request URL: /theme/Site/fonts/glyphicons-halflings-regular.woff
Stack Trace:
#0 D:\xampp\htdocs\thuexedn\webroot\index.php(99): Dispatcher->dispatch(Object(CakeRequest), Object(CakeResponse))
#1 {main}
2014-10-13 16:06:26 Error: [MissingControllerException] Controller class ThemeController could not be found.
Exception Attributes: array (
  'class' => 'ThemeController',
  'plugin' => NULL,
)
Request URL: /theme/Site/fonts/glyphicons-halflings-regular.ttf
Stack Trace:
#0 D:\xampp\htdocs\thuexedn\webroot\index.php(99): Dispatcher->dispatch(Object(CakeRequest), Object(CakeResponse))
#1 {main}
2014-10-13 17:21:31 Error: [MissingControllerException] Controller class MessagesController could not be found.
Exception Attributes: array (
  'class' => 'MessagesController',
  'plugin' => NULL,
)
Request URL: /messages
Stack Trace:
#0 D:\xampp\htdocs\thuexedn\webroot\index.php(99): Dispatcher->dispatch(Object(CakeRequest), Object(CakeResponse))
#1 {main}
2014-10-13 17:22:56 Error: [MissingControllerException] Controller class MessagesController could not be found.
Exception Attributes: array (
  'class' => 'MessagesController',
  'plugin' => NULL,
)
Request URL: /messages
Stack Trace:
#0 D:\xampp\htdocs\thuexedn\webroot\index.php(99): Dispatcher->dispatch(Object(CakeRequest), Object(CakeResponse))
#1 {main}
2014-10-13 17:24:57 Error: [MissingControllerException] Controller class MessagesController could not be found.
Exception Attributes: array (
  'class' => 'MessagesController',
  'plugin' => NULL,
)
Request URL: /messages
Stack Trace:
#0 D:\xampp\htdocs\thuexedn\webroot\index.php(99): Dispatcher->dispatch(Object(CakeRequest), Object(CakeResponse))
#1 {main}
2014-10-13 17:26:57 Error: [MissingControllerException] Controller class MessagesController could not be found.
Exception Attributes: array (
  'class' => 'MessagesController',
  'plugin' => NULL,
)
Request URL: /messages
Stack Trace:
#0 D:\xampp\htdocs\thuexedn\webroot\index.php(99): Dispatcher->dispatch(Object(CakeRequest), Object(CakeResponse))
#1 {main}
2014-10-13 17:28:57 Error: [MissingControllerException] Controller class MessagesController could not be found.
Exception Attributes: array (
  'class' => 'MessagesController',
  'plugin' => NULL,
)
Request URL: /messages
Stack Trace:
#0 D:\xampp\htdocs\thuexedn\webroot\index.php(99): Dispatcher->dispatch(Object(CakeRequest), Object(CakeResponse))
#1 {main}
2014-10-13 17:30:57 Error: [MissingControllerException] Controller class MessagesController could not be found.
Exception Attributes: array (
  'class' => 'MessagesController',
  'plugin' => NULL,
)
Request URL: /messages
Stack Trace:
#0 D:\xampp\htdocs\thuexedn\webroot\index.php(99): Dispatcher->dispatch(Object(CakeRequest), Object(CakeResponse))
#1 {main}
2014-10-13 17:32:57 Error: [MissingControllerException] Controller class MessagesController could not be found.
Exception Attributes: array (
  'class' => 'MessagesController',
  'plugin' => NULL,
)
Request URL: /messages
Stack Trace:
#0 D:\xampp\htdocs\thuexedn\webroot\index.php(99): Dispatcher->dispatch(Object(CakeRequest), Object(CakeResponse))
#1 {main}
2014-10-13 17:34:57 Error: [MissingControllerException] Controller class MessagesController could not be found.
Exception Attributes: array (
  'class' => 'MessagesController',
  'plugin' => NULL,
)
Request URL: /messages
Stack Trace:
#0 D:\xampp\htdocs\thuexedn\webroot\index.php(99): Dispatcher->dispatch(Object(CakeRequest), Object(CakeResponse))
#1 {main}
2014-10-13 17:36:57 Error: [MissingControllerException] Controller class MessagesController could not be found.
Exception Attributes: array (
  'class' => 'MessagesController',
  'plugin' => NULL,
)
Request URL: /messages
Stack Trace:
#0 D:\xampp\htdocs\thuexedn\webroot\index.php(99): Dispatcher->dispatch(Object(CakeRequest), Object(CakeResponse))
#1 {main}
2014-10-13 17:38:57 Error: [MissingControllerException] Controller class MessagesController could not be found.
Exception Attributes: array (
  'class' => 'MessagesController',
  'plugin' => NULL,
)
Request URL: /messages
Stack Trace:
#0 D:\xampp\htdocs\thuexedn\webroot\index.php(99): Dispatcher->dispatch(Object(CakeRequest), Object(CakeResponse))
#1 {main}
2014-10-13 17:40:57 Error: [MissingControllerException] Controller class MessagesController could not be found.
Exception Attributes: array (
  'class' => 'MessagesController',
  'plugin' => NULL,
)
Request URL: /messages
Stack Trace:
#0 D:\xampp\htdocs\thuexedn\webroot\index.php(99): Dispatcher->dispatch(Object(CakeRequest), Object(CakeResponse))
#1 {main}
2014-10-13 17:42:57 Error: [MissingControllerException] Controller class MessagesController could not be found.
Exception Attributes: array (
  'class' => 'MessagesController',
  'plugin' => NULL,
)
Request URL: /messages
Stack Trace:
#0 D:\xampp\htdocs\thuexedn\webroot\index.php(99): Dispatcher->dispatch(Object(CakeRequest), Object(CakeResponse))
#1 {main}
2014-10-13 17:44:57 Error: [MissingControllerException] Controller class MessagesController could not be found.
Exception Attributes: array (
  'class' => 'MessagesController',
  'plugin' => NULL,
)
Request URL: /messages
Stack Trace:
#0 D:\xampp\htdocs\thuexedn\webroot\index.php(99): Dispatcher->dispatch(Object(CakeRequest), Object(CakeResponse))
#1 {main}
2014-10-13 17:46:57 Error: [MissingControllerException] Controller class MessagesController could not be found.
Exception Attributes: array (
  'class' => 'MessagesController',
  'plugin' => NULL,
)
Request URL: /messages
Stack Trace:
#0 D:\xampp\htdocs\thuexedn\webroot\index.php(99): Dispatcher->dispatch(Object(CakeRequest), Object(CakeResponse))
#1 {main}
2014-10-13 17:48:57 Error: [MissingControllerException] Controller class MessagesController could not be found.
Exception Attributes: array (
  'class' => 'MessagesController',
  'plugin' => NULL,
)
Request URL: /messages
Stack Trace:
#0 D:\xampp\htdocs\thuexedn\webroot\index.php(99): Dispatcher->dispatch(Object(CakeRequest), Object(CakeResponse))
#1 {main}
2014-10-13 17:50:57 Error: [MissingControllerException] Controller class MessagesController could not be found.
Exception Attributes: array (
  'class' => 'MessagesController',
  'plugin' => NULL,
)
Request URL: /messages
Stack Trace:
#0 D:\xampp\htdocs\thuexedn\webroot\index.php(99): Dispatcher->dispatch(Object(CakeRequest), Object(CakeResponse))
#1 {main}
2014-10-13 17:52:57 Error: [MissingControllerException] Controller class MessagesController could not be found.
Exception Attributes: array (
  'class' => 'MessagesController',
  'plugin' => NULL,
)
Request URL: /messages
Stack Trace:
#0 D:\xampp\htdocs\thuexedn\webroot\index.php(99): Dispatcher->dispatch(Object(CakeRequest), Object(CakeResponse))
#1 {main}
2014-10-13 17:54:57 Error: [MissingControllerException] Controller class MessagesController could not be found.
Exception Attributes: array (
  'class' => 'MessagesController',
  'plugin' => NULL,
)
Request URL: /messages
Stack Trace:
#0 D:\xampp\htdocs\thuexedn\webroot\index.php(99): Dispatcher->dispatch(Object(CakeRequest), Object(CakeResponse))
#1 {main}
2014-10-13 17:56:57 Error: [MissingControllerException] Controller class MessagesController could not be found.
Exception Attributes: array (
  'class' => 'MessagesController',
  'plugin' => NULL,
)
Request URL: /messages
Stack Trace:
#0 D:\xampp\htdocs\thuexedn\webroot\index.php(99): Dispatcher->dispatch(Object(CakeRequest), Object(CakeResponse))
#1 {main}
2014-10-13 17:58:57 Error: [MissingControllerException] Controller class MessagesController could not be found.
Exception Attributes: array (
  'class' => 'MessagesController',
  'plugin' => NULL,
)
Request URL: /messages
Stack Trace:
#0 D:\xampp\htdocs\thuexedn\webroot\index.php(99): Dispatcher->dispatch(Object(CakeRequest), Object(CakeResponse))
#1 {main}
2014-10-13 18:00:57 Error: [MissingControllerException] Controller class MessagesController could not be found.
Exception Attributes: array (
  'class' => 'MessagesController',
  'plugin' => NULL,
)
Request URL: /messages
Stack Trace:
#0 D:\xampp\htdocs\thuexedn\webroot\index.php(99): Dispatcher->dispatch(Object(CakeRequest), Object(CakeResponse))
#1 {main}
2014-10-13 18:07:15 Error: [MissingControllerException] Controller class MessagesController could not be found.
Exception Attributes: array (
  'class' => 'MessagesController',
  'plugin' => NULL,
)
Request URL: /messages
Stack Trace:
#0 D:\xampp\htdocs\thuexedn\webroot\index.php(99): Dispatcher->dispatch(Object(CakeRequest), Object(CakeResponse))
#1 {main}
2014-10-13 18:08:26 Error: [MissingControllerException] Controller class MessagesController could not be found.
Exception Attributes: array (
  'class' => 'MessagesController',
  'plugin' => NULL,
)
Request URL: /messages
Stack Trace:
#0 D:\xampp\htdocs\thuexedn\webroot\index.php(99): Dispatcher->dispatch(Object(CakeRequest), Object(CakeResponse))
#1 {main}
2014-10-13 18:10:26 Error: [MissingControllerException] Controller class MessagesController could not be found.
Exception Attributes: array (
  'class' => 'MessagesController',
  'plugin' => NULL,
)
Request URL: /messages
Stack Trace:
#0 D:\xampp\htdocs\thuexedn\webroot\index.php(99): Dispatcher->dispatch(Object(CakeRequest), Object(CakeResponse))
#1 {main}
2014-10-13 18:12:26 Error: [MissingControllerException] Controller class MessagesController could not be found.
Exception Attributes: array (
  'class' => 'MessagesController',
  'plugin' => NULL,
)
Request URL: /messages
Stack Trace:
#0 D:\xampp\htdocs\thuexedn\webroot\index.php(99): Dispatcher->dispatch(Object(CakeRequest), Object(CakeResponse))
#1 {main}
2014-10-13 18:14:26 Error: [MissingControllerException] Controller class MessagesController could not be found.
Exception Attributes: array (
  'class' => 'MessagesController',
  'plugin' => NULL,
)
Request URL: /messages
Stack Trace:
#0 D:\xampp\htdocs\thuexedn\webroot\index.php(99): Dispatcher->dispatch(Object(CakeRequest), Object(CakeResponse))
#1 {main}
2014-10-13 18:16:26 Error: [MissingControllerException] Controller class MessagesController could not be found.
Exception Attributes: array (
  'class' => 'MessagesController',
  'plugin' => NULL,
)
Request URL: /messages
Stack Trace:
#0 D:\xampp\htdocs\thuexedn\webroot\index.php(99): Dispatcher->dispatch(Object(CakeRequest), Object(CakeResponse))
#1 {main}
2014-10-13 18:18:26 Error: [MissingControllerException] Controller class MessagesController could not be found.
Exception Attributes: array (
  'class' => 'MessagesController',
  'plugin' => NULL,
)
Request URL: /messages
Stack Trace:
#0 D:\xampp\htdocs\thuexedn\webroot\index.php(99): Dispatcher->dispatch(Object(CakeRequest), Object(CakeResponse))
#1 {main}
2014-10-13 18:20:26 Error: [MissingControllerException] Controller class MessagesController could not be found.
Exception Attributes: array (
  'class' => 'MessagesController',
  'plugin' => NULL,
)
Request URL: /messages
Stack Trace:
#0 D:\xampp\htdocs\thuexedn\webroot\index.php(99): Dispatcher->dispatch(Object(CakeRequest), Object(CakeResponse))
#1 {main}
2014-10-13 18:22:26 Error: [MissingControllerException] Controller class MessagesController could not be found.
Exception Attributes: array (
  'class' => 'MessagesController',
  'plugin' => NULL,
)
Request URL: /messages
Stack Trace:
#0 D:\xampp\htdocs\thuexedn\webroot\index.php(99): Dispatcher->dispatch(Object(CakeRequest), Object(CakeResponse))
#1 {main}
2014-10-13 18:24:26 Error: [MissingControllerException] Controller class MessagesController could not be found.
Exception Attributes: array (
  'class' => 'MessagesController',
  'plugin' => NULL,
)
Request URL: /messages
Stack Trace:
#0 D:\xampp\htdocs\thuexedn\webroot\index.php(99): Dispatcher->dispatch(Object(CakeRequest), Object(CakeResponse))
#1 {main}
2014-10-13 18:26:26 Error: [MissingControllerException] Controller class MessagesController could not be found.
Exception Attributes: array (
  'class' => 'MessagesController',
  'plugin' => NULL,
)
Request URL: /messages
Stack Trace:
#0 D:\xampp\htdocs\thuexedn\webroot\index.php(99): Dispatcher->dispatch(Object(CakeRequest), Object(CakeResponse))
#1 {main}
2014-10-13 18:28:26 Error: [MissingControllerException] Controller class MessagesController could not be found.
Exception Attributes: array (
  'class' => 'MessagesController',
  'plugin' => NULL,
)
Request URL: /messages
Stack Trace:
#0 D:\xampp\htdocs\thuexedn\webroot\index.php(99): Dispatcher->dispatch(Object(CakeRequest), Object(CakeResponse))
#1 {main}
2014-10-13 18:30:26 Error: [MissingControllerException] Controller class MessagesController could not be found.
Exception Attributes: array (
  'class' => 'MessagesController',
  'plugin' => NULL,
)
Request URL: /messages
Stack Trace:
#0 D:\xampp\htdocs\thuexedn\webroot\index.php(99): Dispatcher->dispatch(Object(CakeRequest), Object(CakeResponse))
#1 {main}
2014-10-13 18:32:26 Error: [MissingControllerException] Controller class MessagesController could not be found.
Exception Attributes: array (
  'class' => 'MessagesController',
  'plugin' => NULL,
)
Request URL: /messages
Stack Trace:
#0 D:\xampp\htdocs\thuexedn\webroot\index.php(99): Dispatcher->dispatch(Object(CakeRequest), Object(CakeResponse))
#1 {main}
2014-10-13 18:34:26 Error: [MissingControllerException] Controller class MessagesController could not be found.
Exception Attributes: array (
  'class' => 'MessagesController',
  'plugin' => NULL,
)
Request URL: /messages
Stack Trace:
#0 D:\xampp\htdocs\thuexedn\webroot\index.php(99): Dispatcher->dispatch(Object(CakeRequest), Object(CakeResponse))
#1 {main}
2014-10-13 18:36:26 Error: [MissingControllerException] Controller class MessagesController could not be found.
Exception Attributes: array (
  'class' => 'MessagesController',
  'plugin' => NULL,
)
Request URL: /messages
Stack Trace:
#0 D:\xampp\htdocs\thuexedn\webroot\index.php(99): Dispatcher->dispatch(Object(CakeRequest), Object(CakeResponse))
#1 {main}
2014-10-13 18:38:26 Error: [MissingControllerException] Controller class MessagesController could not be found.
Exception Attributes: array (
  'class' => 'MessagesController',
  'plugin' => NULL,
)
Request URL: /messages
Stack Trace:
#0 D:\xampp\htdocs\thuexedn\webroot\index.php(99): Dispatcher->dispatch(Object(CakeRequest), Object(CakeResponse))
#1 {main}
2014-10-13 18:40:26 Error: [MissingControllerException] Controller class MessagesController could not be found.
Exception Attributes: array (
  'class' => 'MessagesController',
  'plugin' => NULL,
)
Request URL: /messages
Stack Trace:
#0 D:\xampp\htdocs\thuexedn\webroot\index.php(99): Dispatcher->dispatch(Object(CakeRequest), Object(CakeResponse))
#1 {main}
